<?xml version="1.0" encoding="UTF-8"?>
<coverage generated="1549009869591" clover="3.2.0">
  <project timestamp="1549009869591" name="All files">
    <metrics statements="345" coveredstatements="292" conditionals="148" coveredconditionals="115" methods="117" coveredmethods="104" elements="610" coveredelements="511" complexity="0" loc="345" ncloc="345" packages="25" files="33" classes="33">
      <package name="client.components.Button">
        <metrics statements="4" coveredstatements="4" conditionals="0" coveredconditionals="0" methods="1" coveredmethods="1"/>
        <file name="Button.jsx" path="E:\projects\epam\reactjs-films-homework\src\client\components\Button\Button.jsx">
          <metrics statements="4" coveredstatements="4" conditionals="0" coveredconditionals="0" methods="1" coveredmethods="1"/>
          <line num="8" count="5" type="stmt"/>
          <line num="15" count="5" type="stmt"/>
          <line num="28" count="5" type="stmt"/>
          <line num="34" count="5" type="stmt"/>
        </file>
      </package>
      <package name="client.components.Description">
        <metrics statements="4" coveredstatements="4" conditionals="0" coveredconditionals="0" methods="1" coveredmethods="1"/>
        <file name="Description.jsx" path="E:\projects\epam\reactjs-films-homework\src\client\components\Description\Description.jsx">
          <metrics statements="4" coveredstatements="4" conditionals="0" coveredconditionals="0" methods="1" coveredmethods="1"/>
          <line num="10" count="1" type="stmt"/>
          <line num="11" count="1" type="stmt"/>
          <line num="20" count="1" type="stmt"/>
          <line num="25" count="1" type="stmt"/>
        </file>
      </package>
      <package name="client.components.Dialog">
        <metrics statements="5" coveredstatements="5" conditionals="0" coveredconditionals="0" methods="1" coveredmethods="1"/>
        <file name="Dialog.jsx" path="E:\projects\epam\reactjs-films-homework\src\client\components\Dialog\Dialog.jsx">
          <metrics statements="5" coveredstatements="5" conditionals="0" coveredconditionals="0" methods="1" coveredmethods="1"/>
          <line num="13" count="1" type="stmt"/>
          <line num="15" count="1" type="stmt"/>
          <line num="20" count="1" type="stmt"/>
          <line num="26" count="1" type="stmt"/>
          <line num="31" count="1" type="stmt"/>
        </file>
      </package>
      <package name="client.components.FilmHeader">
        <metrics statements="12" coveredstatements="12" conditionals="6" coveredconditionals="6" methods="4" coveredmethods="4"/>
        <file name="FilmHeader.jsx" path="E:\projects\epam\reactjs-films-homework\src\client\components\FilmHeader\FilmHeader.jsx">
          <metrics statements="12" coveredstatements="12" conditionals="6" coveredconditionals="6" methods="4" coveredmethods="4"/>
          <line num="8" count="1" type="stmt"/>
          <line num="9" count="4" type="stmt"/>
          <line num="10" count="4" type="stmt"/>
          <line num="11" count="4" type="stmt"/>
          <line num="13" count="4" type="stmt"/>
          <line num="14" count="4" type="stmt"/>
          <line num="15" count="12" type="stmt"/>
          <line num="21" count="4" type="stmt"/>
          <line num="22" count="4" type="cond" truecount="2" falsecount="0"/>
          <line num="27" count="4" type="stmt"/>
          <line num="38" count="1" type="stmt"/>
          <line num="44" count="1" type="stmt"/>
        </file>
      </package>
      <package name="client.components.Footer">
        <metrics statements="2" coveredstatements="2" conditionals="0" coveredconditionals="0" methods="1" coveredmethods="1"/>
        <file name="Footer.jsx" path="E:\projects\epam\reactjs-films-homework\src\client\components\Footer\Footer.jsx">
          <metrics statements="2" coveredstatements="2" conditionals="0" coveredconditionals="0" methods="1" coveredmethods="1"/>
          <line num="5" count="1" type="stmt"/>
          <line num="6" count="1" type="stmt"/>
        </file>
      </package>
      <package name="client.components.Icon">
        <metrics statements="8" coveredstatements="8" conditionals="2" coveredconditionals="2" methods="1" coveredmethods="1"/>
        <file name="Icon.jsx" path="E:\projects\epam\reactjs-films-homework\src\client\components\Icon\Icon.jsx">
          <metrics statements="8" coveredstatements="8" conditionals="2" coveredconditionals="2" methods="1" coveredmethods="1"/>
          <line num="15" count="7" type="stmt"/>
          <line num="26" count="7" type="stmt"/>
          <line num="27" count="28" type="stmt"/>
          <line num="29" count="28" type="cond" truecount="2" falsecount="0"/>
          <line num="30" count="27" type="stmt"/>
          <line num="33" count="1" type="stmt"/>
          <line num="36" count="7" type="stmt"/>
          <line num="40" count="7" type="stmt"/>
        </file>
      </package>
      <package name="client.components.Image">
        <metrics statements="8" coveredstatements="8" conditionals="2" coveredconditionals="2" methods="1" coveredmethods="1"/>
        <file name="Image.jsx" path="E:\projects\epam\reactjs-films-homework\src\client\components\Image\Image.jsx">
          <metrics statements="8" coveredstatements="8" conditionals="2" coveredconditionals="2" methods="1" coveredmethods="1"/>
          <line num="10" count="5" type="stmt"/>
          <line num="16" count="4" type="stmt"/>
          <line num="17" count="4" type="stmt"/>
          <line num="19" count="4" type="cond" truecount="2" falsecount="0"/>
          <line num="20" count="3" type="stmt"/>
          <line num="23" count="4" type="stmt"/>
          <line num="26" count="5" type="stmt"/>
          <line num="33" count="5" type="stmt"/>
        </file>
      </package>
      <package name="client.components.Link">
        <metrics statements="11" coveredstatements="11" conditionals="4" coveredconditionals="4" methods="3" coveredmethods="3"/>
        <file name="Link.jsx" path="E:\projects\epam\reactjs-films-homework\src\client\components\Link\Link.jsx">
          <metrics statements="11" coveredstatements="11" conditionals="4" coveredconditionals="4" methods="3" coveredmethods="3"/>
          <line num="17" count="29" type="cond" truecount="2" falsecount="0"/>
          <line num="19" count="29" type="stmt"/>
          <line num="23" count="2" type="stmt"/>
          <line num="25" count="2" type="cond" truecount="2" falsecount="0"/>
          <line num="26" count="2" type="stmt"/>
          <line num="31" count="2" type="stmt"/>
          <line num="39" count="71" type="stmt"/>
          <line num="40" count="71" type="stmt"/>
          <line num="42" count="71" type="stmt"/>
          <line num="55" count="9" type="stmt"/>
          <line num="62" count="9" type="stmt"/>
        </file>
      </package>
      <package name="client.components.ListControls">
        <metrics statements="10" coveredstatements="10" conditionals="4" coveredconditionals="4" methods="4" coveredmethods="4"/>
        <file name="ListControls.jsx" path="E:\projects\epam\reactjs-films-homework\src\client\components\ListControls\ListControls.jsx">
          <metrics statements="10" coveredstatements="10" conditionals="4" coveredconditionals="4" methods="4" coveredmethods="4"/>
          <line num="16" count="6" type="stmt"/>
          <line num="17" count="6" type="stmt"/>
          <line num="18" count="18" type="stmt"/>
          <line num="19" count="6" type="cond" truecount="2" falsecount="0"/>
          <line num="21" count="6" type="stmt"/>
          <line num="28" count="4" type="stmt"/>
          <line num="32" count="2" type="stmt"/>
          <line num="34" count="2" type="stmt"/>
          <line num="67" count="3" type="stmt"/>
          <line num="73" count="3" type="stmt"/>
        </file>
      </package>
      <package name="client.components.Loading">
        <metrics statements="4" coveredstatements="4" conditionals="0" coveredconditionals="0" methods="1" coveredmethods="1"/>
        <file name="Loading.jsx" path="E:\projects\epam\reactjs-films-homework\src\client\components\Loading\Loading.jsx">
          <metrics statements="4" coveredstatements="4" conditionals="0" coveredconditionals="0" methods="1" coveredmethods="1"/>
          <line num="8" count="4" type="stmt"/>
          <line num="9" count="5" type="stmt"/>
          <line num="25" count="4" type="stmt"/>
          <line num="29" count="4" type="stmt"/>
        </file>
      </package>
      <package name="client.components.Message">
        <metrics statements="9" coveredstatements="9" conditionals="0" coveredconditionals="0" methods="4" coveredmethods="4"/>
        <file name="Message.jsx" path="E:\projects\epam\reactjs-films-homework\src\client\components\Message\Message.jsx">
          <metrics statements="9" coveredstatements="9" conditionals="0" coveredconditionals="0" methods="4" coveredmethods="4"/>
          <line num="14" count="1" type="stmt"/>
          <line num="16" count="1" type="stmt"/>
          <line num="17" count="1" type="stmt"/>
          <line num="21" count="1" type="stmt"/>
          <line num="25" count="1" type="stmt"/>
          <line num="26" count="1" type="stmt"/>
          <line num="28" count="1" type="stmt"/>
          <line num="36" count="1" type="stmt"/>
          <line num="41" count="1" type="stmt"/>
        </file>
      </package>
      <package name="client.components.MovieGridItem">
        <metrics statements="9" coveredstatements="9" conditionals="4" coveredconditionals="4" methods="4" coveredmethods="4"/>
        <file name="MovieGridItem.jsx" path="E:\projects\epam\reactjs-films-homework\src\client\components\MovieGridItem\MovieGridItem.jsx">
          <metrics statements="9" coveredstatements="9" conditionals="4" coveredconditionals="4" methods="4" coveredmethods="4"/>
          <line num="22" count="1" type="stmt"/>
          <line num="23" count="1" type="stmt"/>
          <line num="27" count="1" type="stmt"/>
          <line num="31" count="2" type="stmt"/>
          <line num="32" count="2" type="stmt"/>
          <line num="34" count="2" type="stmt"/>
          <line num="69" count="6" type="stmt"/>
          <line num="102" count="3" type="stmt"/>
          <line num="106" count="3" type="stmt"/>
        </file>
      </package>
      <package name="client.components.MovieListItem">
        <metrics statements="5" coveredstatements="5" conditionals="2" coveredconditionals="2" methods="2" coveredmethods="2"/>
        <file name="MovieListItem.jsx" path="E:\projects\epam\reactjs-films-homework\src\client\components\MovieListItem\MovieListItem.jsx">
          <metrics statements="5" coveredstatements="5" conditionals="2" coveredconditionals="2" methods="2" coveredmethods="2"/>
          <line num="14" count="3" type="stmt"/>
          <line num="15" count="1" type="stmt"/>
          <line num="23" count="3" type="stmt"/>
          <line num="50" count="3" type="stmt"/>
          <line num="54" count="3" type="stmt"/>
        </file>
      </package>
      <package name="client.components.NotFound">
        <metrics statements="2" coveredstatements="2" conditionals="0" coveredconditionals="0" methods="1" coveredmethods="1"/>
        <file name="NotFound.jsx" path="E:\projects\epam\reactjs-films-homework\src\client\components\NotFound\NotFound.jsx">
          <metrics statements="2" coveredstatements="2" conditionals="0" coveredconditionals="0" methods="1" coveredmethods="1"/>
          <line num="7" count="2" type="stmt"/>
          <line num="8" count="1" type="stmt"/>
        </file>
      </package>
      <package name="client.components.Rating">
        <metrics statements="16" coveredstatements="16" conditionals="8" coveredconditionals="8" methods="8" coveredmethods="8"/>
        <file name="Rating.jsx" path="E:\projects\epam\reactjs-films-homework\src\client\components\Rating\Rating.jsx">
          <metrics statements="16" coveredstatements="16" conditionals="8" coveredconditionals="8" methods="8" coveredmethods="8"/>
          <line num="16" count="20" type="stmt"/>
          <line num="20" count="10" type="stmt"/>
          <line num="22" count="10" type="cond" truecount="2" falsecount="0"/>
          <line num="23" count="5" type="stmt"/>
          <line num="28" count="23" type="stmt"/>
          <line num="29" count="115" type="stmt"/>
          <line num="30" count="115" type="stmt"/>
          <line num="32" count="115" type="stmt"/>
          <line num="39" count="10" type="stmt"/>
          <line num="40" count="10" type="stmt"/>
          <line num="41" count="10" type="stmt"/>
          <line num="47" count="23" type="stmt"/>
          <line num="48" count="23" type="stmt"/>
          <line num="50" count="23" type="stmt"/>
          <line num="65" count="4" type="stmt"/>
          <line num="69" count="4" type="stmt"/>
        </file>
      </package>
      <package name="client.components.Routing">
        <metrics statements="4" coveredstatements="4" conditionals="0" coveredconditionals="0" methods="2" coveredmethods="2"/>
        <file name="Routing.jsx" path="E:\projects\epam\reactjs-films-homework\src\client\components\Routing\Routing.jsx">
          <metrics statements="4" coveredstatements="4" conditionals="0" coveredconditionals="0" methods="2" coveredmethods="2"/>
          <line num="11" count="1" type="stmt"/>
          <line num="31" count="1" type="stmt"/>
          <line num="32" count="1" type="stmt"/>
          <line num="34" count="6" type="stmt"/>
        </file>
      </package>
      <package name="client.components.Search">
        <metrics statements="16" coveredstatements="16" conditionals="4" coveredconditionals="4" methods="5" coveredmethods="5"/>
        <file name="Search.jsx" path="E:\projects\epam\reactjs-films-homework\src\client\components\Search\Search.jsx">
          <metrics statements="16" coveredstatements="16" conditionals="4" coveredconditionals="4" methods="5" coveredmethods="5"/>
          <line num="18" count="2" type="stmt"/>
          <line num="20" count="2" type="cond" truecount="2" falsecount="0"/>
          <line num="24" count="2" type="stmt"/>
          <line num="31" count="4" type="stmt"/>
          <line num="32" count="4" type="stmt"/>
          <line num="33" count="4" type="stmt"/>
          <line num="35" count="4" type="stmt"/>
          <line num="36" count="4" type="stmt"/>
          <line num="38" count="4" type="cond" truecount="2" falsecount="0"/>
          <line num="39" count="2" type="stmt"/>
          <line num="43" count="2" type="stmt"/>
          <line num="46" count="4" type="stmt"/>
          <line num="54" count="14" type="stmt"/>
          <line num="56" count="14" type="stmt"/>
          <line num="61" count="14" type="stmt"/>
          <line num="78" count="1" type="stmt"/>
        </file>
      </package>
      <package name="client.components.Select">
        <metrics statements="14" coveredstatements="14" conditionals="2" coveredconditionals="2" methods="6" coveredmethods="6"/>
        <file name="Select.jsx" path="E:\projects\epam\reactjs-films-homework\src\client\components\Select\Select.jsx">
          <metrics statements="14" coveredstatements="14" conditionals="2" coveredconditionals="2" methods="6" coveredmethods="6"/>
          <line num="18" count="1" type="stmt"/>
          <line num="22" count="1" type="stmt"/>
          <line num="26" count="2" type="stmt"/>
          <line num="27" count="5" type="stmt"/>
          <line num="29" count="2" type="cond" truecount="2" falsecount="0"/>
          <line num="33" count="8" type="stmt"/>
          <line num="34" count="8" type="stmt"/>
          <line num="36" count="8" type="stmt"/>
          <line num="42" count="8" type="stmt"/>
          <line num="43" count="8" type="stmt"/>
          <line num="45" count="8" type="stmt"/>
          <line num="53" count="21" type="stmt"/>
          <line num="67" count="4" type="stmt"/>
          <line num="72" count="4" type="stmt"/>
        </file>
      </package>
      <package name="client.components.Video">
        <metrics statements="15" coveredstatements="15" conditionals="12" coveredconditionals="12" methods="4" coveredmethods="4"/>
        <file name="Video.jsx" path="E:\projects\epam\reactjs-films-homework\src\client\components\Video\Video.jsx">
          <metrics statements="15" coveredstatements="15" conditionals="12" coveredconditionals="12" methods="4" coveredmethods="4"/>
          <line num="18" count="2" type="stmt"/>
          <line num="22" count="4" type="stmt"/>
          <line num="24" count="4" type="stmt"/>
          <line num="25" count="4" type="stmt"/>
          <line num="27" count="3" type="stmt"/>
          <line num="29" count="3" type="cond" truecount="5" falsecount="0"/>
          <line num="30" count="2" type="stmt"/>
          <line num="32" count="1" type="stmt"/>
          <line num="35" count="1" type="stmt"/>
          <line num="36" count="1" type="stmt"/>
          <line num="41" count="1" type="stmt"/>
          <line num="45" count="6" type="stmt"/>
          <line num="47" count="6" type="stmt"/>
          <line num="63" count="3" type="stmt"/>
          <line num="67" count="3" type="stmt"/>
        </file>
      </package>
      <package name="client.containers.MoviesList">
        <metrics statements="64" coveredstatements="13" conditionals="33" coveredconditionals="4" methods="18" coveredmethods="6"/>
        <file name="MoviesList.jsx" path="E:\projects\epam\reactjs-films-homework\src\client\containers\MoviesList\MoviesList.jsx">
          <metrics statements="64" coveredstatements="13" conditionals="33" coveredconditionals="4" methods="18" coveredmethods="6"/>
          <line num="32" count="1" type="stmt"/>
          <line num="34" count="1" type="stmt"/>
          <line num="43" count="0" type="stmt"/>
          <line num="51" count="0" type="stmt"/>
          <line num="52" count="0" type="stmt"/>
          <line num="53" count="0" type="stmt"/>
          <line num="54" count="0" type="stmt"/>
          <line num="55" count="0" type="stmt"/>
          <line num="57" count="0" type="cond" truecount="0" falsecount="2"/>
          <line num="58" count="0" type="cond" truecount="0" falsecount="2"/>
          <line num="59" count="0" type="stmt"/>
          <line num="61" count="0" type="cond" truecount="0" falsecount="4"/>
          <line num="62" count="0" type="stmt"/>
          <line num="63" count="0" type="stmt"/>
          <line num="64" count="0" type="stmt"/>
          <line num="69" count="0" type="stmt"/>
          <line num="71" count="0" type="cond" truecount="0" falsecount="2"/>
          <line num="72" count="0" type="stmt"/>
          <line num="76" count="0" type="cond" truecount="0" falsecount="2"/>
          <line num="77" count="0" type="stmt"/>
          <line num="80" count="0" type="cond" truecount="0" falsecount="2"/>
          <line num="81" count="0" type="stmt"/>
          <line num="84" count="0" type="cond" truecount="0" falsecount="2"/>
          <line num="85" count="0" type="stmt"/>
          <line num="86" count="0" type="cond" truecount="0" falsecount="2"/>
          <line num="87" count="0" type="stmt"/>
          <line num="89" count="0" type="stmt"/>
          <line num="94" count="0" type="cond" truecount="0" falsecount="2"/>
          <line num="95" count="0" type="stmt"/>
          <line num="106" count="0" type="stmt"/>
          <line num="108" count="0" type="cond" truecount="0" falsecount="2"/>
          <line num="109" count="0" type="stmt"/>
          <line num="110" count="0" type="stmt"/>
          <line num="112" count="0" type="cond" truecount="0" falsecount="3"/>
          <line num="114" count="0" type="stmt"/>
          <line num="116" count="0" type="stmt"/>
          <line num="117" count="0" type="stmt"/>
          <line num="120" count="0" type="stmt"/>
          <line num="122" count="0" type="stmt"/>
          <line num="123" count="0" type="stmt"/>
          <line num="126" count="0" type="stmt"/>
          <line num="132" count="0" type="stmt"/>
          <line num="134" count="0" type="stmt"/>
          <line num="135" count="0" type="stmt"/>
          <line num="142" count="0" type="stmt"/>
          <line num="146" count="1" type="stmt"/>
          <line num="148" count="1" type="cond" truecount="1" falsecount="1"/>
          <line num="149" count="0" type="cond" truecount="0" falsecount="2"/>
          <line num="150" count="0" type="stmt"/>
          <line num="153" count="0" type="stmt"/>
          <line num="156" count="1" type="stmt"/>
          <line num="165" count="1" type="stmt"/>
          <line num="166" count="1" type="stmt"/>
          <line num="167" count="1" type="cond" truecount="1" falsecount="1"/>
          <line num="168" count="1" type="stmt"/>
          <line num="170" count="1" type="stmt"/>
          <line num="175" count="0" type="stmt"/>
          <line num="188" count="2" type="stmt"/>
          <line num="189" count="0" type="stmt"/>
          <line num="190" count="0" type="stmt"/>
          <line num="191" count="0" type="stmt"/>
          <line num="192" count="1" type="stmt"/>
          <line num="194" count="0" type="stmt"/>
          <line num="198" count="2" type="stmt"/>
        </file>
      </package>
      <package name="client.store">
        <metrics statements="6" coveredstatements="4" conditionals="10" coveredconditionals="6" methods="2" coveredmethods="1"/>
        <file name="configureStore.js" path="E:\projects\epam\reactjs-films-homework\src\client\store\configureStore.js">
          <metrics statements="6" coveredstatements="4" conditionals="10" coveredconditionals="6" methods="2" coveredmethods="1"/>
          <line num="5" count="1" type="cond" truecount="3" falsecount="2"/>
          <line num="14" count="1" type="stmt"/>
          <line num="20" count="1" type="cond" truecount="2" falsecount="2"/>
          <line num="21" count="0" type="stmt"/>
          <line num="22" count="0" type="stmt"/>
          <line num="26" count="1" type="stmt"/>
        </file>
      </package>
      <package name="client.store.actions">
        <metrics statements="32" coveredstatements="32" conditionals="9" coveredconditionals="9" methods="14" coveredmethods="14"/>
        <file name="movieDetails.js" path="E:\projects\epam\reactjs-films-homework\src\client\store\actions\movieDetails.js">
          <metrics statements="2" coveredstatements="2" conditionals="0" coveredconditionals="0" methods="2" coveredmethods="2"/>
          <line num="5" count="1" type="stmt"/>
          <line num="6" count="1" type="stmt"/>
        </file>
        <file name="movies.js" path="E:\projects\epam\reactjs-films-homework\src\client\store\actions\movies.js">
          <metrics statements="30" coveredstatements="30" conditionals="9" coveredconditionals="9" methods="12" coveredmethods="12"/>
          <line num="4" count="3" type="stmt"/>
          <line num="5" count="3" type="stmt"/>
          <line num="7" count="3" type="cond" truecount="1" falsecount="0"/>
          <line num="8" count="6" type="cond" truecount="2" falsecount="0"/>
          <line num="9" count="1" type="stmt"/>
          <line num="12" count="6" type="stmt"/>
          <line num="14" count="6" type="stmt"/>
          <line num="18" count="3" type="stmt"/>
          <line num="19" count="5" type="cond" truecount="2" falsecount="0"/>
          <line num="20" count="40" type="stmt"/>
          <line num="22" count="2" type="stmt"/>
          <line num="26" count="1" type="stmt"/>
          <line num="27" count="1" type="stmt"/>
          <line num="31" count="1" type="stmt"/>
          <line num="33" count="1" type="stmt"/>
          <line num="35" count="2" type="stmt"/>
          <line num="36" count="2" type="stmt"/>
          <line num="41" count="2" type="stmt"/>
          <line num="43" count="2" type="cond" truecount="2" falsecount="0"/>
          <line num="44" count="1" type="stmt"/>
          <line num="47" count="2" type="stmt"/>
          <line num="49" count="2" type="stmt"/>
          <line num="50" count="2" type="stmt"/>
          <line num="56" count="2" type="stmt"/>
          <line num="58" count="2" type="cond" truecount="2" falsecount="0"/>
          <line num="59" count="1" type="stmt"/>
          <line num="62" count="2" type="stmt"/>
          <line num="64" count="1" type="stmt"/>
          <line num="65" count="1" type="stmt"/>
          <line num="66" count="1" type="stmt"/>
        </file>
      </package>
      <package name="client.store.reducers">
        <metrics statements="16" coveredstatements="16" conditionals="15" coveredconditionals="15" methods="3" coveredmethods="3"/>
        <file name="genres.js" path="E:\projects\epam\reactjs-films-homework\src\client\store\reducers\genres.js">
          <metrics statements="5" coveredstatements="5" conditionals="5" coveredconditionals="5" methods="1" coveredmethods="1"/>
          <line num="4" count="7" type="cond" truecount="2" falsecount="0"/>
          <line num="6" count="2" type="cond" truecount="2" falsecount="0"/>
          <line num="7" count="1" type="stmt"/>
          <line num="10" count="1" type="stmt"/>
          <line num="11" count="5" type="stmt"/>
        </file>
        <file name="index.js" path="E:\projects\epam\reactjs-films-homework\src\client\store\reducers\index.js">
          <metrics statements="0" coveredstatements="0" conditionals="0" coveredconditionals="0" methods="0" coveredmethods="0"/>
        </file>
        <file name="movieDetails.js" path="E:\projects\epam\reactjs-films-homework\src\client\store\reducers\movieDetails.js">
          <metrics statements="5" coveredstatements="5" conditionals="5" coveredconditionals="5" methods="1" coveredmethods="1"/>
          <line num="4" count="7" type="cond" truecount="2" falsecount="0"/>
          <line num="6" count="3" type="cond" truecount="2" falsecount="0"/>
          <line num="7" count="2" type="stmt"/>
          <line num="10" count="1" type="stmt"/>
          <line num="11" count="4" type="stmt"/>
        </file>
        <file name="movies.js" path="E:\projects\epam\reactjs-films-homework\src\client\store\reducers\movies.js">
          <metrics statements="6" coveredstatements="6" conditionals="5" coveredconditionals="5" methods="1" coveredmethods="1"/>
          <line num="3" count="2" type="stmt"/>
          <line num="6" count="8" type="cond" truecount="4" falsecount="0"/>
          <line num="7" count="2" type="stmt"/>
          <line num="11" count="1" type="stmt"/>
          <line num="15" count="2" type="stmt"/>
          <line num="16" count="3" type="stmt"/>
        </file>
      </package>
      <package name="constants">
        <metrics statements="5" coveredstatements="5" conditionals="0" coveredconditionals="0" methods="0" coveredmethods="0"/>
        <file name="actionTypes.js" path="E:\projects\epam\reactjs-films-homework\src\constants\actionTypes.js">
          <metrics statements="5" coveredstatements="5" conditionals="0" coveredconditionals="0" methods="0" coveredmethods="0"/>
          <line num="1" count="7" type="stmt"/>
          <line num="3" count="7" type="stmt"/>
          <line num="5" count="7" type="stmt"/>
          <line num="6" count="7" type="stmt"/>
          <line num="7" count="7" type="stmt"/>
        </file>
      </package>
      <package name="utils">
        <metrics statements="64" coveredstatements="64" conditionals="31" coveredconditionals="31" methods="26" coveredmethods="26"/>
        <file name="dialog.js" path="E:\projects\epam\reactjs-films-homework\src\utils\dialog.js">
          <metrics statements="6" coveredstatements="6" conditionals="0" coveredconditionals="0" methods="3" coveredmethods="3"/>
          <line num="3" count="4" type="stmt"/>
          <line num="6" count="8" type="stmt"/>
          <line num="8" count="5" type="stmt"/>
          <line num="10" count="5" type="stmt"/>
          <line num="17" count="4" type="stmt"/>
          <line num="18" count="4" type="stmt"/>
        </file>
        <file name="http.js" path="E:\projects\epam\reactjs-films-homework\src\utils\http.js">
          <metrics statements="22" coveredstatements="22" conditionals="12" coveredconditionals="12" methods="6" coveredmethods="6"/>
          <line num="3" count="6" type="stmt"/>
          <line num="4" count="53" type="stmt"/>
          <line num="6" count="53" type="cond" truecount="2" falsecount="0"/>
          <line num="7" count="1" type="stmt"/>
          <line num="10" count="53" type="cond" truecount="2" falsecount="0"/>
          <line num="11" count="2" type="stmt"/>
          <line num="14" count="51" type="cond" truecount="2" falsecount="0"/>
          <line num="15" count="50" type="stmt"/>
          <line num="18" count="1" type="stmt"/>
          <line num="21" count="6" type="stmt"/>
          <line num="22" count="52" type="stmt"/>
          <line num="24" count="52" type="cond" truecount="2" falsecount="0"/>
          <line num="25" count="6" type="stmt"/>
          <line num="28" count="52" type="cond" truecount="2" falsecount="0"/>
          <line num="29" count="50" type="stmt"/>
          <line num="30" count="50" type="stmt"/>
          <line num="33" count="52" type="stmt"/>
          <line num="35" count="112" type="stmt"/>
          <line num="38" count="52" type="cond" truecount="2" falsecount="0"/>
          <line num="41" count="52" type="stmt"/>
          <line num="44" count="52" type="stmt"/>
          <line num="52" count="1" type="stmt"/>
        </file>
        <file name="message.js" path="E:\projects\epam\reactjs-films-homework\src\utils\message.js">
          <metrics statements="6" coveredstatements="6" conditionals="0" coveredconditionals="0" methods="3" coveredmethods="3"/>
          <line num="3" count="4" type="stmt"/>
          <line num="6" count="4" type="stmt"/>
          <line num="8" count="3" type="stmt"/>
          <line num="10" count="3" type="stmt"/>
          <line num="18" count="4" type="stmt"/>
          <line num="19" count="4" type="stmt"/>
        </file>
        <file name="rendering.js" path="E:\projects\epam\reactjs-films-homework\src\utils\rendering.js">
          <metrics statements="8" coveredstatements="8" conditionals="8" coveredconditionals="8" methods="2" coveredmethods="2"/>
          <line num="4" count="24" type="stmt"/>
          <line num="6" count="53" type="stmt"/>
          <line num="7" count="53" type="stmt"/>
          <line num="9" count="53" type="cond" truecount="4" falsecount="0"/>
          <line num="10" count="5" type="stmt"/>
          <line num="13" count="48" type="cond" truecount="4" falsecount="0"/>
          <line num="14" count="38" type="stmt"/>
          <line num="17" count="10" type="stmt"/>
        </file>
        <file name="url.js" path="E:\projects\epam\reactjs-films-homework\src\utils\url.js">
          <metrics statements="22" coveredstatements="22" conditionals="11" coveredconditionals="11" methods="12" coveredmethods="12"/>
          <line num="3" count="11" type="stmt"/>
          <line num="4" count="14" type="stmt"/>
          <line num="6" count="14" type="stmt"/>
          <line num="7" count="38" type="stmt"/>
          <line num="9" count="38" type="cond" truecount="2" falsecount="0"/>
          <line num="13" count="11" type="cond" truecount="1" falsecount="0"/>
          <line num="14" count="20" type="stmt"/>
          <line num="15" count="20" type="stmt"/>
          <line num="17" count="20" type="cond" truecount="4" falsecount="0"/>
          <line num="20" count="11" type="stmt"/>
          <line num="21" count="7" type="stmt"/>
          <line num="23" count="7" type="stmt"/>
          <line num="28" count="7" type="stmt"/>
          <line num="32" count="5" type="stmt"/>
          <line num="34" count="5" type="stmt"/>
          <line num="38" count="7" type="stmt"/>
          <line num="40" count="7" type="stmt"/>
          <line num="44" count="9" type="stmt"/>
          <line num="47" count="21" type="stmt"/>
          <line num="49" count="21" type="cond" truecount="2" falsecount="0"/>
          <line num="51" count="21" type="stmt"/>
          <line num="53" count="9" type="cond" truecount="2" falsecount="0"/>
        </file>
      </package>
    </metrics>
  </project>
</coverage>
