{"E:\\projects\\epam\\reactjs-films-homework\\src\\client\\components\\Button\\Button.jsx": {"path":"E:\\projects\\epam\\reactjs-films-homework\\src\\client\\components\\Button\\Button.jsx","statementMap":{"0":{"start":{"line":8,"column":15},"end":{"line":26,"column":1}},"1":{"start":{"line":15,"column":2},"end":{"line":25,"column":11}},"2":{"start":{"line":28,"column":0},"end":{"line":32,"column":2}},"3":{"start":{"line":34,"column":0},"end":{"line":39,"column":2}}},"fnMap":{"0":{"name":"(anonymous_0)","decl":{"start":{"line":8,"column":15},"end":{"line":8,"column":16}},"loc":{"start":{"line":15,"column":2},"end":{"line":25,"column":11}},"line":15}},"branchMap":{},"s":{"0":5,"1":5,"2":5,"3":5},"f":{"0":5},"b":{},"_coverageSchema":"332fd63041d2c1bcb487cc26dd0d5f7d97098a6c","hash":"ade7353251a62133a954047cefdf3e5c87303823"}
,"E:\\projects\\epam\\reactjs-films-homework\\src\\client\\components\\Description\\Description.jsx": {"path":"E:\\projects\\epam\\reactjs-films-homework\\src\\client\\components\\Description\\Description.jsx","statementMap":{"0":{"start":{"line":10,"column":20},"end":{"line":18,"column":1}},"1":{"start":{"line":11,"column":2},"end":{"line":17,"column":8}},"2":{"start":{"line":20,"column":0},"end":{"line":23,"column":2}},"3":{"start":{"line":25,"column":0},"end":{"line":28,"column":2}}},"fnMap":{"0":{"name":"(anonymous_0)","decl":{"start":{"line":10,"column":20},"end":{"line":10,"column":21}},"loc":{"start":{"line":11,"column":2},"end":{"line":17,"column":8}},"line":11}},"branchMap":{},"s":{"0":1,"1":1,"2":1,"3":1},"f":{"0":1},"b":{},"_coverageSchema":"332fd63041d2c1bcb487cc26dd0d5f7d97098a6c","hash":"4e260934ef1e17ea875284a6a5d28fa056ddf97a"}
,"E:\\projects\\epam\\reactjs-films-homework\\src\\client\\components\\Dialog\\Dialog.jsx": {"path":"E:\\projects\\epam\\reactjs-films-homework\\src\\client\\components\\Dialog\\Dialog.jsx","statementMap":{"0":{"start":{"line":13,"column":31},"end":{"line":13,"column":41}},"1":{"start":{"line":15,"column":24},"end":{"line":18,"column":5}},"2":{"start":{"line":20,"column":4},"end":{"line":22,"column":6}},"3":{"start":{"line":26,"column":0},"end":{"line":29,"column":2}},"4":{"start":{"line":31,"column":0},"end":{"line":34,"column":2}}},"fnMap":{"0":{"name":"(anonymous_0)","decl":{"start":{"line":12,"column":2},"end":{"line":12,"column":3}},"loc":{"start":{"line":12,"column":11},"end":{"line":23,"column":3}},"line":12}},"branchMap":{},"s":{"0":1,"1":1,"2":1,"3":1,"4":1},"f":{"0":1},"b":{},"_coverageSchema":"332fd63041d2c1bcb487cc26dd0d5f7d97098a6c","hash":"9237de793441f903c29c1e23d44239f9c68217a0"}
,"E:\\projects\\epam\\reactjs-films-homework\\src\\client\\components\\FilmHeader\\FilmHeader.jsx": {"path":"E:\\projects\\epam\\reactjs-films-homework\\src\\client\\components\\FilmHeader\\FilmHeader.jsx","statementMap":{"0":{"start":{"line":8,"column":19},"end":{"line":36,"column":1}},"1":{"start":{"line":9,"column":27},"end":{"line":9,"column":45}},"2":{"start":{"line":10,"column":16},"end":{"line":10,"column":49}},"3":{"start":{"line":11,"column":18},"end":{"line":11,"column":51}},"4":{"start":{"line":13,"column":23},"end":{"line":19,"column":3}},"5":{"start":{"line":14,"column":4},"end":{"line":18,"column":25}},"6":{"start":{"line":15,"column":6},"end":{"line":18,"column":23}},"7":{"start":{"line":21,"column":22},"end":{"line":25,"column":3}},"8":{"start":{"line":22,"column":4},"end":{"line":24,"column":11}},"9":{"start":{"line":27,"column":2},"end":{"line":35,"column":4}},"10":{"start":{"line":38,"column":0},"end":{"line":42,"column":2}},"11":{"start":{"line":44,"column":0},"end":{"line":47,"column":2}}},"fnMap":{"0":{"name":"(anonymous_0)","decl":{"start":{"line":8,"column":19},"end":{"line":8,"column":20}},"loc":{"start":{"line":8,"column":51},"end":{"line":36,"column":1}},"line":8},"1":{"name":"(anonymous_1)","decl":{"start":{"line":13,"column":23},"end":{"line":13,"column":24}},"loc":{"start":{"line":14,"column":4},"end":{"line":18,"column":25}},"line":14},"2":{"name":"(anonymous_2)","decl":{"start":{"line":14,"column":15},"end":{"line":14,"column":16}},"loc":{"start":{"line":15,"column":6},"end":{"line":18,"column":23}},"line":15},"3":{"name":"(anonymous_3)","decl":{"start":{"line":21,"column":22},"end":{"line":21,"column":23}},"loc":{"start":{"line":22,"column":4},"end":{"line":24,"column":11}},"line":22}},"branchMap":{"0":{"loc":{"start":{"line":22,"column":4},"end":{"line":24,"column":11}},"type":"binary-expr","locations":[{"start":{"line":22,"column":4},"end":{"line":22,"column":12}},{"start":{"line":22,"column":16},"end":{"line":24,"column":11}}],"line":22},"1":{"loc":{"start":{"line":23,"column":8},"end":{"line":23,"column":42}},"type":"cond-expr","locations":[{"start":{"line":23,"column":23},"end":{"line":23,"column":27}},{"start":{"line":23,"column":30},"end":{"line":23,"column":42}}],"line":23},"2":{"loc":{"start":{"line":23,"column":46},"end":{"line":23,"column":84}},"type":"cond-expr","locations":[{"start":{"line":23,"column":63},"end":{"line":23,"column":67}},{"start":{"line":23,"column":70},"end":{"line":23,"column":84}}],"line":23}},"s":{"0":1,"1":4,"2":4,"3":4,"4":4,"5":4,"6":12,"7":4,"8":4,"9":4,"10":1,"11":1},"f":{"0":4,"1":4,"2":12,"3":4},"b":{"0":[4,3],"1":[1,2],"2":[1,2]},"_coverageSchema":"332fd63041d2c1bcb487cc26dd0d5f7d97098a6c","hash":"27c6ac727cfe5fc3f40f51f09bd739dde1a84374"}
,"E:\\projects\\epam\\reactjs-films-homework\\src\\client\\components\\Footer\\Footer.jsx": {"path":"E:\\projects\\epam\\reactjs-films-homework\\src\\client\\components\\Footer\\Footer.jsx","statementMap":{"0":{"start":{"line":5,"column":15},"end":{"line":12,"column":1}},"1":{"start":{"line":6,"column":2},"end":{"line":11,"column":11}}},"fnMap":{"0":{"name":"(anonymous_0)","decl":{"start":{"line":5,"column":15},"end":{"line":5,"column":16}},"loc":{"start":{"line":6,"column":2},"end":{"line":11,"column":11}},"line":6}},"branchMap":{},"s":{"0":1,"1":1},"f":{"0":1},"b":{},"_coverageSchema":"332fd63041d2c1bcb487cc26dd0d5f7d97098a6c","hash":"dc8cf99dd65945ad9de86fdcf781ea5b91c6a367"}
,"E:\\projects\\epam\\reactjs-films-homework\\src\\client\\components\\Icon\\Icon.jsx": {"path":"E:\\projects\\epam\\reactjs-films-homework\\src\\client\\components\\Icon\\Icon.jsx","statementMap":{"0":{"start":{"line":15,"column":14},"end":{"line":24,"column":1}},"1":{"start":{"line":26,"column":13},"end":{"line":34,"column":1}},"2":{"start":{"line":27,"column":20},"end":{"line":27,"column":45}},"3":{"start":{"line":29,"column":2},"end":{"line":31,"column":3}},"4":{"start":{"line":30,"column":4},"end":{"line":30,"column":48}},"5":{"start":{"line":33,"column":2},"end":{"line":33,"column":19}},"6":{"start":{"line":36,"column":0},"end":{"line":38,"column":2}},"7":{"start":{"line":40,"column":0},"end":{"line":43,"column":2}}},"fnMap":{"0":{"name":"(anonymous_0)","decl":{"start":{"line":26,"column":13},"end":{"line":26,"column":14}},"loc":{"start":{"line":26,"column":38},"end":{"line":34,"column":1}},"line":26}},"branchMap":{"0":{"loc":{"start":{"line":29,"column":2},"end":{"line":31,"column":3}},"type":"if","locations":[{"start":{"line":29,"column":2},"end":{"line":31,"column":3}},{"start":{"line":29,"column":2},"end":{"line":31,"column":3}}],"line":29}},"s":{"0":7,"1":7,"2":28,"3":28,"4":27,"5":1,"6":7,"7":7},"f":{"0":28},"b":{"0":[27,1]},"_coverageSchema":"332fd63041d2c1bcb487cc26dd0d5f7d97098a6c","hash":"0649dba0184791ee1952586611fa97d8038eab39"}
,"E:\\projects\\epam\\reactjs-films-homework\\src\\client\\components\\Image\\Image.jsx": {"path":"E:\\projects\\epam\\reactjs-films-homework\\src\\client\\components\\Image\\Image.jsx","statementMap":{"0":{"start":{"line":10,"column":14},"end":{"line":24,"column":1}},"1":{"start":{"line":16,"column":23},"end":{"line":16,"column":58}},"2":{"start":{"line":17,"column":23},"end":{"line":17,"column":26}},"3":{"start":{"line":19,"column":2},"end":{"line":21,"column":3}},"4":{"start":{"line":20,"column":4},"end":{"line":20,"column":67}},"5":{"start":{"line":23,"column":2},"end":{"line":23,"column":67}},"6":{"start":{"line":26,"column":0},"end":{"line":31,"column":2}},"7":{"start":{"line":33,"column":0},"end":{"line":38,"column":2}}},"fnMap":{"0":{"name":"(anonymous_0)","decl":{"start":{"line":10,"column":14},"end":{"line":10,"column":15}},"loc":{"start":{"line":15,"column":6},"end":{"line":24,"column":1}},"line":15}},"branchMap":{"0":{"loc":{"start":{"line":19,"column":2},"end":{"line":21,"column":3}},"type":"if","locations":[{"start":{"line":19,"column":2},"end":{"line":21,"column":3}},{"start":{"line":19,"column":2},"end":{"line":21,"column":3}}],"line":19}},"s":{"0":5,"1":4,"2":4,"3":4,"4":3,"5":4,"6":5,"7":5},"f":{"0":4},"b":{"0":[3,1]},"_coverageSchema":"332fd63041d2c1bcb487cc26dd0d5f7d97098a6c","hash":"b180260ece87deb79fdcd80cde6432d1c5b646a5"}
,"E:\\projects\\epam\\reactjs-films-homework\\src\\client\\components\\Link\\Link.jsx": {"path":"E:\\projects\\epam\\reactjs-films-homework\\src\\client\\components\\Link\\Link.jsx","statementMap":{"0":{"start":{"line":17,"column":15},"end":{"line":17,"column":44}},"1":{"start":{"line":19,"column":4},"end":{"line":19,"column":26}},"2":{"start":{"line":23,"column":40},"end":{"line":23,"column":50}},"3":{"start":{"line":25,"column":20},"end":{"line":25,"column":38}},"4":{"start":{"line":26,"column":19},"end":{"line":29,"column":17}},"5":{"start":{"line":31,"column":4},"end":{"line":31,"column":49}},"6":{"start":{"line":39,"column":8},"end":{"line":39,"column":18}},"7":{"start":{"line":40,"column":19},"end":{"line":40,"column":29}},"8":{"start":{"line":42,"column":4},"end":{"line":51,"column":6}},"9":{"start":{"line":55,"column":0},"end":{"line":60,"column":2}},"10":{"start":{"line":62,"column":0},"end":{"line":67,"column":2}}},"fnMap":{"0":{"name":"(anonymous_0)","decl":{"start":{"line":16,"column":2},"end":{"line":16,"column":3}},"loc":{"start":{"line":16,"column":22},"end":{"line":20,"column":3}},"line":16},"1":{"name":"(anonymous_1)","decl":{"start":{"line":22,"column":19},"end":{"line":22,"column":20}},"loc":{"start":{"line":22,"column":25},"end":{"line":32,"column":3}},"line":22},"2":{"name":"(anonymous_2)","decl":{"start":{"line":34,"column":2},"end":{"line":34,"column":3}},"loc":{"start":{"line":34,"column":11},"end":{"line":52,"column":3}},"line":34}},"branchMap":{"0":{"loc":{"start":{"line":17,"column":15},"end":{"line":17,"column":44}},"type":"binary-expr","locations":[{"start":{"line":17,"column":15},"end":{"line":17,"column":28}},{"start":{"line":17,"column":32},"end":{"line":17,"column":44}}],"line":17},"1":{"loc":{"start":{"line":25,"column":20},"end":{"line":25,"column":38}},"type":"binary-expr","locations":[{"start":{"line":25,"column":20},"end":{"line":25,"column":22}},{"start":{"line":25,"column":26},"end":{"line":25,"column":38}}],"line":25}},"s":{"0":29,"1":29,"2":2,"3":2,"4":2,"5":2,"6":71,"7":71,"8":71,"9":9,"10":9},"f":{"0":29,"1":2,"2":71},"b":{"0":[29,10],"1":[2,1]},"_coverageSchema":"332fd63041d2c1bcb487cc26dd0d5f7d97098a6c","hash":"0e3494d64ba4c149128ba637068d4e22ad8823cf"}
,"E:\\projects\\epam\\reactjs-films-homework\\src\\client\\components\\ListControls\\ListControls.jsx": {"path":"E:\\projects\\epam\\reactjs-films-homework\\src\\client\\components\\ListControls\\ListControls.jsx","statementMap":{"0":{"start":{"line":16,"column":20},"end":{"line":16,"column":32}},"1":{"start":{"line":17,"column":21},"end":{"line":17,"column":60}},"2":{"start":{"line":18,"column":18},"end":{"line":18,"column":82}},"3":{"start":{"line":18,"column":49},"end":{"line":18,"column":81}},"4":{"start":{"line":19,"column":27},"end":{"line":19,"column":65}},"5":{"start":{"line":21,"column":4},"end":{"line":24,"column":6}},"6":{"start":{"line":28,"column":4},"end":{"line":28,"column":70}},"7":{"start":{"line":32,"column":40},"end":{"line":32,"column":50}},"8":{"start":{"line":34,"column":4},"end":{"line":63,"column":6}},"9":{"start":{"line":67,"column":0},"end":{"line":71,"column":2}},"10":{"start":{"line":73,"column":0},"end":{"line":77,"column":2}}},"fnMap":{"0":{"name":"(anonymous_0)","decl":{"start":{"line":15,"column":34},"end":{"line":15,"column":35}},"loc":{"start":{"line":15,"column":53},"end":{"line":25,"column":3}},"line":15},"1":{"name":"(anonymous_1)","decl":{"start":{"line":18,"column":37},"end":{"line":18,"column":38}},"loc":{"start":{"line":18,"column":49},"end":{"line":18,"column":81}},"line":18},"2":{"name":"(anonymous_2)","decl":{"start":{"line":27,"column":30},"end":{"line":27,"column":31}},"loc":{"start":{"line":28,"column":4},"end":{"line":28,"column":70}},"line":28},"3":{"name":"(anonymous_3)","decl":{"start":{"line":31,"column":2},"end":{"line":31,"column":3}},"loc":{"start":{"line":31,"column":11},"end":{"line":64,"column":3}},"line":31}},"branchMap":{"0":{"loc":{"start":{"line":19,"column":27},"end":{"line":19,"column":65}},"type":"binary-expr","locations":[{"start":{"line":19,"column":27},"end":{"line":19,"column":42}},{"start":{"line":19,"column":46},"end":{"line":19,"column":65}}],"line":19},"1":{"loc":{"start":{"line":23,"column":29},"end":{"line":23,"column":70}},"type":"binary-expr","locations":[{"start":{"line":23,"column":29},"end":{"line":23,"column":52}},{"start":{"line":23,"column":56},"end":{"line":23,"column":70}}],"line":23}},"s":{"0":6,"1":6,"2":6,"3":18,"4":6,"5":6,"6":4,"7":2,"8":2,"9":3,"10":3},"f":{"0":6,"1":18,"2":4,"3":2},"b":{"0":[6,6],"1":[6,6]},"_coverageSchema":"332fd63041d2c1bcb487cc26dd0d5f7d97098a6c","hash":"5126c347c2783ebf0d4ba543821c374a6c87da81"}
,"E:\\projects\\epam\\reactjs-films-homework\\src\\client\\components\\Loading\\Loading.jsx": {"path":"E:\\projects\\epam\\reactjs-films-homework\\src\\client\\components\\Loading\\Loading.jsx","statementMap":{"0":{"start":{"line":8,"column":16},"end":{"line":23,"column":1}},"1":{"start":{"line":9,"column":2},"end":{"line":22,"column":8}},"2":{"start":{"line":25,"column":0},"end":{"line":27,"column":2}},"3":{"start":{"line":29,"column":0},"end":{"line":31,"column":2}}},"fnMap":{"0":{"name":"(anonymous_0)","decl":{"start":{"line":8,"column":16},"end":{"line":8,"column":17}},"loc":{"start":{"line":9,"column":2},"end":{"line":22,"column":8}},"line":9}},"branchMap":{},"s":{"0":4,"1":5,"2":4,"3":4},"f":{"0":5},"b":{},"_coverageSchema":"332fd63041d2c1bcb487cc26dd0d5f7d97098a6c","hash":"598e22370f9dc0d7716bda428b2700a733d79610"}
,"E:\\projects\\epam\\reactjs-films-homework\\src\\client\\components\\Message\\Message.jsx": {"path":"E:\\projects\\epam\\reactjs-films-homework\\src\\client\\components\\Message\\Message.jsx","statementMap":{"0":{"start":{"line":14,"column":29},"end":{"line":14,"column":39}},"1":{"start":{"line":16,"column":4},"end":{"line":16,"column":31}},"2":{"start":{"line":17,"column":4},"end":{"line":17,"column":58}},"3":{"start":{"line":17,"column":36},"end":{"line":17,"column":50}},"4":{"start":{"line":21,"column":4},"end":{"line":21,"column":31}},"5":{"start":{"line":25,"column":41},"end":{"line":25,"column":51}},"6":{"start":{"line":26,"column":27},"end":{"line":26,"column":78}},"7":{"start":{"line":28,"column":4},"end":{"line":32,"column":6}},"8":{"start":{"line":36,"column":0},"end":{"line":39,"column":2}},"9":{"start":{"line":41,"column":0},"end":{"line":44,"column":2}}},"fnMap":{"0":{"name":"(anonymous_0)","decl":{"start":{"line":13,"column":2},"end":{"line":13,"column":3}},"loc":{"start":{"line":13,"column":22},"end":{"line":18,"column":3}},"line":13},"1":{"name":"(anonymous_1)","decl":{"start":{"line":17,"column":30},"end":{"line":17,"column":31}},"loc":{"start":{"line":17,"column":36},"end":{"line":17,"column":50}},"line":17},"2":{"name":"(anonymous_2)","decl":{"start":{"line":20,"column":2},"end":{"line":20,"column":3}},"loc":{"start":{"line":20,"column":25},"end":{"line":22,"column":3}},"line":20},"3":{"name":"(anonymous_3)","decl":{"start":{"line":24,"column":2},"end":{"line":24,"column":3}},"loc":{"start":{"line":24,"column":11},"end":{"line":33,"column":3}},"line":24}},"branchMap":{},"s":{"0":1,"1":1,"2":1,"3":1,"4":1,"5":1,"6":1,"7":1,"8":1,"9":1},"f":{"0":1,"1":1,"2":1,"3":1},"b":{},"_coverageSchema":"332fd63041d2c1bcb487cc26dd0d5f7d97098a6c","hash":"ddf5000fc92810888620ab78943828cff7097676"}
,"E:\\projects\\epam\\reactjs-films-homework\\src\\client\\components\\MovieGridItem\\MovieGridItem.jsx": {"path":"E:\\projects\\epam\\reactjs-films-homework\\src\\client\\components\\MovieGridItem\\MovieGridItem.jsx","statementMap":{"0":{"start":{"line":22,"column":32},"end":{"line":22,"column":42}},"1":{"start":{"line":23,"column":4},"end":{"line":23,"column":57}},"2":{"start":{"line":27,"column":4},"end":{"line":27,"column":60}},"3":{"start":{"line":31,"column":32},"end":{"line":31,"column":42}},"4":{"start":{"line":32,"column":22},"end":{"line":32,"column":32}},"5":{"start":{"line":34,"column":4},"end":{"line":98,"column":6}},"6":{"start":{"line":69,"column":16},"end":{"line":76,"column":23}},"7":{"start":{"line":102,"column":0},"end":{"line":104,"column":2}},"8":{"start":{"line":106,"column":0},"end":{"line":108,"column":2}}},"fnMap":{"0":{"name":"(anonymous_0)","decl":{"start":{"line":21,"column":29},"end":{"line":21,"column":30}},"loc":{"start":{"line":21,"column":35},"end":{"line":24,"column":3}},"line":21},"1":{"name":"(anonymous_1)","decl":{"start":{"line":26,"column":26},"end":{"line":26,"column":27}},"loc":{"start":{"line":27,"column":4},"end":{"line":27,"column":60}},"line":27},"2":{"name":"(anonymous_2)","decl":{"start":{"line":30,"column":2},"end":{"line":30,"column":3}},"loc":{"start":{"line":30,"column":11},"end":{"line":99,"column":3}},"line":30},"3":{"name":"(anonymous_3)","decl":{"start":{"line":68,"column":61},"end":{"line":68,"column":62}},"loc":{"start":{"line":69,"column":16},"end":{"line":76,"column":23}},"line":69}},"branchMap":{"0":{"loc":{"start":{"line":38,"column":10},"end":{"line":47,"column":14}},"type":"binary-expr","locations":[{"start":{"line":38,"column":10},"end":{"line":38,"column":26}},{"start":{"line":38,"column":30},"end":{"line":47,"column":14}}],"line":38},"1":{"loc":{"start":{"line":68,"column":16},"end":{"line":77,"column":16}},"type":"binary-expr","locations":[{"start":{"line":68,"column":16},"end":{"line":68,"column":28}},{"start":{"line":68,"column":32},"end":{"line":77,"column":16}}],"line":68}},"s":{"0":1,"1":1,"2":1,"3":2,"4":2,"5":2,"6":6,"7":3,"8":3},"f":{"0":1,"1":1,"2":2,"3":6},"b":{"0":[2,1],"1":[2,2]},"_coverageSchema":"332fd63041d2c1bcb487cc26dd0d5f7d97098a6c","hash":"52bb4bed82586f55a7224dda1116d4711bd26527"}
,"E:\\projects\\epam\\reactjs-films-homework\\src\\client\\components\\MovieListItem\\MovieListItem.jsx": {"path":"E:\\projects\\epam\\reactjs-films-homework\\src\\client\\components\\MovieListItem\\MovieListItem.jsx","statementMap":{"0":{"start":{"line":14,"column":22},"end":{"line":48,"column":1}},"1":{"start":{"line":15,"column":2},"end":{"line":47,"column":8}},"2":{"start":{"line":23,"column":14},"end":{"line":30,"column":21}},"3":{"start":{"line":50,"column":0},"end":{"line":52,"column":2}},"4":{"start":{"line":54,"column":0},"end":{"line":56,"column":2}}},"fnMap":{"0":{"name":"(anonymous_0)","decl":{"start":{"line":14,"column":22},"end":{"line":14,"column":23}},"loc":{"start":{"line":15,"column":2},"end":{"line":47,"column":8}},"line":15},"1":{"name":"(anonymous_1)","decl":{"start":{"line":22,"column":57},"end":{"line":22,"column":58}},"loc":{"start":{"line":23,"column":14},"end":{"line":30,"column":21}},"line":23}},"branchMap":{"0":{"loc":{"start":{"line":22,"column":12},"end":{"line":31,"column":12}},"type":"binary-expr","locations":[{"start":{"line":22,"column":12},"end":{"line":22,"column":24}},{"start":{"line":22,"column":28},"end":{"line":31,"column":12}}],"line":22}},"s":{"0":3,"1":1,"2":3,"3":3,"4":3},"f":{"0":1,"1":3},"b":{"0":[1,1]},"_coverageSchema":"332fd63041d2c1bcb487cc26dd0d5f7d97098a6c","hash":"d82f3113d844e6cc635c8c95a11cef37a05c1b8d"}
,"E:\\projects\\epam\\reactjs-films-homework\\src\\client\\components\\NotFound\\NotFound.jsx": {"path":"E:\\projects\\epam\\reactjs-films-homework\\src\\client\\components\\NotFound\\NotFound.jsx","statementMap":{"0":{"start":{"line":7,"column":17},"end":{"line":15,"column":1}},"1":{"start":{"line":8,"column":4},"end":{"line":14,"column":10}}},"fnMap":{"0":{"name":"(anonymous_0)","decl":{"start":{"line":7,"column":17},"end":{"line":7,"column":18}},"loc":{"start":{"line":8,"column":4},"end":{"line":14,"column":10}},"line":8}},"branchMap":{},"s":{"0":2,"1":1},"f":{"0":1},"b":{},"_coverageSchema":"332fd63041d2c1bcb487cc26dd0d5f7d97098a6c","hash":"d10d992d1e582280db262a5edb482a0d7a713275"}
,"E:\\projects\\epam\\reactjs-films-homework\\src\\client\\components\\Rating\\Rating.jsx": {"path":"E:\\projects\\epam\\reactjs-films-homework\\src\\client\\components\\Rating\\Rating.jsx","statementMap":{"0":{"start":{"line":16,"column":4},"end":{"line":16,"column":39}},"1":{"start":{"line":20,"column":35},"end":{"line":20,"column":45}},"2":{"start":{"line":22,"column":4},"end":{"line":24,"column":5}},"3":{"start":{"line":23,"column":6},"end":{"line":23,"column":71}},"4":{"start":{"line":28,"column":4},"end":{"line":43,"column":6}},"5":{"start":{"line":29,"column":24},"end":{"line":29,"column":34}},"6":{"start":{"line":30,"column":26},"end":{"line":30,"column":36}},"7":{"start":{"line":32,"column":6},"end":{"line":42,"column":10}},"8":{"start":{"line":39,"column":27},"end":{"line":39,"column":50}},"9":{"start":{"line":40,"column":28},"end":{"line":40,"column":50}},"10":{"start":{"line":41,"column":24},"end":{"line":41,"column":53}},"11":{"start":{"line":47,"column":22},"end":{"line":47,"column":32}},"12":{"start":{"line":48,"column":24},"end":{"line":48,"column":34}},"13":{"start":{"line":50,"column":4},"end":{"line":61,"column":6}},"14":{"start":{"line":65,"column":0},"end":{"line":67,"column":2}},"15":{"start":{"line":69,"column":0},"end":{"line":71,"column":2}}},"fnMap":{"0":{"name":"(anonymous_0)","decl":{"start":{"line":15,"column":19},"end":{"line":15,"column":20}},"loc":{"start":{"line":15,"column":31},"end":{"line":17,"column":3}},"line":15},"1":{"name":"(anonymous_1)","decl":{"start":{"line":19,"column":22},"end":{"line":19,"column":23}},"loc":{"start":{"line":19,"column":34},"end":{"line":25,"column":3}},"line":19},"2":{"name":"(anonymous_2)","decl":{"start":{"line":27,"column":16},"end":{"line":27,"column":17}},"loc":{"start":{"line":28,"column":4},"end":{"line":43,"column":6}},"line":28},"3":{"name":"(anonymous_3)","decl":{"start":{"line":28,"column":30},"end":{"line":28,"column":31}},"loc":{"start":{"line":28,"column":40},"end":{"line":43,"column":5}},"line":28},"4":{"name":"(anonymous_4)","decl":{"start":{"line":39,"column":21},"end":{"line":39,"column":22}},"loc":{"start":{"line":39,"column":27},"end":{"line":39,"column":50}},"line":39},"5":{"name":"(anonymous_5)","decl":{"start":{"line":40,"column":22},"end":{"line":40,"column":23}},"loc":{"start":{"line":40,"column":28},"end":{"line":40,"column":50}},"line":40},"6":{"name":"(anonymous_6)","decl":{"start":{"line":41,"column":18},"end":{"line":41,"column":19}},"loc":{"start":{"line":41,"column":24},"end":{"line":41,"column":53}},"line":41},"7":{"name":"(anonymous_7)","decl":{"start":{"line":46,"column":2},"end":{"line":46,"column":3}},"loc":{"start":{"line":46,"column":11},"end":{"line":62,"column":3}},"line":46}},"branchMap":{"0":{"loc":{"start":{"line":22,"column":4},"end":{"line":24,"column":5}},"type":"if","locations":[{"start":{"line":22,"column":4},"end":{"line":24,"column":5}},{"start":{"line":22,"column":4},"end":{"line":24,"column":5}}],"line":22},"1":{"loc":{"start":{"line":36,"column":29},"end":{"line":36,"column":68}},"type":"binary-expr","locations":[{"start":{"line":36,"column":29},"end":{"line":36,"column":50}},{"start":{"line":36,"column":54},"end":{"line":36,"column":68}}],"line":36},"2":{"loc":{"start":{"line":55,"column":14},"end":{"line":57,"column":43}},"type":"cond-expr","locations":[{"start":{"line":56,"column":16},"end":{"line":56,"column":27}},{"start":{"line":57,"column":16},"end":{"line":57,"column":43}}],"line":55},"3":{"loc":{"start":{"line":57,"column":17},"end":{"line":57,"column":27}},"type":"binary-expr","locations":[{"start":{"line":57,"column":17},"end":{"line":57,"column":22}},{"start":{"line":57,"column":26},"end":{"line":57,"column":27}}],"line":57}},"s":{"0":20,"1":10,"2":10,"3":5,"4":23,"5":115,"6":115,"7":115,"8":10,"9":10,"10":10,"11":23,"12":23,"13":23,"14":4,"15":4},"f":{"0":20,"1":10,"2":23,"3":115,"4":10,"5":10,"6":10,"7":23},"b":{"0":[5,5],"1":[115,35],"2":[10,13],"3":[13,6]},"_coverageSchema":"332fd63041d2c1bcb487cc26dd0d5f7d97098a6c","hash":"48386583060ba4acf4aa6c8f95ccd3e4be05820f"}
,"E:\\projects\\epam\\reactjs-films-homework\\src\\client\\components\\Routing\\Routing.jsx": {"path":"E:\\projects\\epam\\reactjs-films-homework\\src\\client\\components\\Routing\\Routing.jsx","statementMap":{"0":{"start":{"line":11,"column":15},"end":{"line":29,"column":2}},"1":{"start":{"line":31,"column":16},"end":{"line":38,"column":1}},"2":{"start":{"line":32,"column":2},"end":{"line":37,"column":11}},"3":{"start":{"line":34,"column":6},"end":{"line":34,"column":95}}},"fnMap":{"0":{"name":"(anonymous_0)","decl":{"start":{"line":31,"column":16},"end":{"line":31,"column":17}},"loc":{"start":{"line":32,"column":2},"end":{"line":37,"column":11}},"line":32},"1":{"name":"(anonymous_1)","decl":{"start":{"line":33,"column":17},"end":{"line":33,"column":18}},"loc":{"start":{"line":34,"column":6},"end":{"line":34,"column":95}},"line":34}},"branchMap":{},"s":{"0":1,"1":1,"2":1,"3":6},"f":{"0":1,"1":6},"b":{},"_coverageSchema":"332fd63041d2c1bcb487cc26dd0d5f7d97098a6c","hash":"7a430688daa7059ab470ffa45f18ccc13899e8b7"}
,"E:\\projects\\epam\\reactjs-films-homework\\src\\client\\components\\Search\\Search.jsx": {"path":"E:\\projects\\epam\\reactjs-films-homework\\src\\client\\components\\Search\\Search.jsx","statementMap":{"0":{"start":{"line":18,"column":18},"end":{"line":18,"column":35}},"1":{"start":{"line":20,"column":4},"end":{"line":20,"column":66}},"2":{"start":{"line":24,"column":4},"end":{"line":27,"column":7}},"3":{"start":{"line":31,"column":4},"end":{"line":31,"column":27}},"4":{"start":{"line":32,"column":24},"end":{"line":32,"column":43}},"5":{"start":{"line":33,"column":28},"end":{"line":33,"column":38}},"6":{"start":{"line":35,"column":4},"end":{"line":50,"column":7}},"7":{"start":{"line":36,"column":21},"end":{"line":36,"column":33}},"8":{"start":{"line":38,"column":6},"end":{"line":44,"column":7}},"9":{"start":{"line":39,"column":8},"end":{"line":41,"column":39}},"10":{"start":{"line":43,"column":8},"end":{"line":43,"column":33}},"11":{"start":{"line":46,"column":6},"end":{"line":49,"column":9}},"12":{"start":{"line":54,"column":46},"end":{"line":54,"column":56}},"13":{"start":{"line":56,"column":25},"end":{"line":59,"column":5}},"14":{"start":{"line":61,"column":4},"end":{"line":74,"column":6}},"15":{"start":{"line":78,"column":0},"end":{"line":80,"column":2}}},"fnMap":{"0":{"name":"(anonymous_0)","decl":{"start":{"line":17,"column":2},"end":{"line":17,"column":3}},"loc":{"start":{"line":17,"column":22},"end":{"line":21,"column":3}},"line":17},"1":{"name":"(anonymous_1)","decl":{"start":{"line":23,"column":20},"end":{"line":23,"column":21}},"loc":{"start":{"line":23,"column":31},"end":{"line":28,"column":3}},"line":23},"2":{"name":"(anonymous_2)","decl":{"start":{"line":30,"column":20},"end":{"line":30,"column":21}},"loc":{"start":{"line":30,"column":31},"end":{"line":51,"column":3}},"line":30},"3":{"name":"(anonymous_3)","decl":{"start":{"line":35,"column":64},"end":{"line":35,"column":65}},"loc":{"start":{"line":35,"column":70},"end":{"line":50,"column":5}},"line":35},"4":{"name":"(anonymous_4)","decl":{"start":{"line":53,"column":2},"end":{"line":53,"column":3}},"loc":{"start":{"line":53,"column":11},"end":{"line":75,"column":3}},"line":53}},"branchMap":{"0":{"loc":{"start":{"line":20,"column":33},"end":{"line":20,"column":62}},"type":"cond-expr","locations":[{"start":{"line":20,"column":41},"end":{"line":20,"column":57}},{"start":{"line":20,"column":60},"end":{"line":20,"column":62}}],"line":20},"1":{"loc":{"start":{"line":38,"column":6},"end":{"line":44,"column":7}},"type":"if","locations":[{"start":{"line":38,"column":6},"end":{"line":44,"column":7}},{"start":{"line":38,"column":6},"end":{"line":44,"column":7}}],"line":38}},"s":{"0":2,"1":2,"2":2,"3":4,"4":4,"5":4,"6":4,"7":4,"8":4,"9":2,"10":2,"11":4,"12":14,"13":14,"14":14,"15":1},"f":{"0":2,"1":2,"2":4,"3":4,"4":14},"b":{"0":[1,1],"1":[2,2]},"_coverageSchema":"332fd63041d2c1bcb487cc26dd0d5f7d97098a6c","hash":"c2d6efee0e2aad573f6ce1b96fa0fcd79e21bc17"}
,"E:\\projects\\epam\\reactjs-films-homework\\src\\client\\components\\Select\\Select.jsx": {"path":"E:\\projects\\epam\\reactjs-films-homework\\src\\client\\components\\Select\\Select.jsx","statementMap":{"0":{"start":{"line":18,"column":4},"end":{"line":18,"column":34}},"1":{"start":{"line":22,"column":4},"end":{"line":22,"column":35}},"2":{"start":{"line":26,"column":24},"end":{"line":26,"column":42}},"3":{"start":{"line":27,"column":18},"end":{"line":27,"column":69}},"4":{"start":{"line":27,"column":46},"end":{"line":27,"column":68}},"5":{"start":{"line":29,"column":4},"end":{"line":29,"column":59}},"6":{"start":{"line":33,"column":28},"end":{"line":33,"column":38}},"7":{"start":{"line":34,"column":41},"end":{"line":34,"column":51}},"8":{"start":{"line":36,"column":26},"end":{"line":40,"column":5}},"9":{"start":{"line":42,"column":25},"end":{"line":42,"column":79}},"10":{"start":{"line":43,"column":24},"end":{"line":43,"column":76}},"11":{"start":{"line":45,"column":4},"end":{"line":63,"column":6}},"12":{"start":{"line":53,"column":12},"end":{"line":59,"column":34}},"13":{"start":{"line":67,"column":0},"end":{"line":70,"column":2}},"14":{"start":{"line":72,"column":0},"end":{"line":75,"column":2}}},"fnMap":{"0":{"name":"(anonymous_0)","decl":{"start":{"line":17,"column":16},"end":{"line":17,"column":17}},"loc":{"start":{"line":17,"column":22},"end":{"line":19,"column":3}},"line":17},"1":{"name":"(anonymous_1)","decl":{"start":{"line":21,"column":17},"end":{"line":21,"column":18}},"loc":{"start":{"line":21,"column":23},"end":{"line":23,"column":3}},"line":21},"2":{"name":"(anonymous_2)","decl":{"start":{"line":25,"column":2},"end":{"line":25,"column":3}},"loc":{"start":{"line":25,"column":35},"end":{"line":30,"column":3}},"line":25},"3":{"name":"(anonymous_3)","decl":{"start":{"line":27,"column":36},"end":{"line":27,"column":37}},"loc":{"start":{"line":27,"column":46},"end":{"line":27,"column":68}},"line":27},"4":{"name":"(anonymous_4)","decl":{"start":{"line":32,"column":2},"end":{"line":32,"column":3}},"loc":{"start":{"line":32,"column":11},"end":{"line":64,"column":3}},"line":32},"5":{"name":"(anonymous_5)","decl":{"start":{"line":52,"column":23},"end":{"line":52,"column":24}},"loc":{"start":{"line":53,"column":12},"end":{"line":59,"column":34}},"line":53}},"branchMap":{"0":{"loc":{"start":{"line":29,"column":27},"end":{"line":29,"column":55}},"type":"cond-expr","locations":[{"start":{"line":29,"column":35},"end":{"line":29,"column":45}},{"start":{"line":29,"column":48},"end":{"line":29,"column":55}}],"line":29}},"s":{"0":1,"1":1,"2":2,"3":2,"4":5,"5":2,"6":8,"7":8,"8":8,"9":8,"10":8,"11":8,"12":21,"13":4,"14":4},"f":{"0":1,"1":1,"2":2,"3":5,"4":8,"5":21},"b":{"0":[1,1]},"_coverageSchema":"332fd63041d2c1bcb487cc26dd0d5f7d97098a6c","hash":"7a8f6e0929b80544c00339e05635fe15c30069ba"}
,"E:\\projects\\epam\\reactjs-films-homework\\src\\client\\components\\Video\\Video.jsx": {"path":"E:\\projects\\epam\\reactjs-films-homework\\src\\client\\components\\Video\\Video.jsx","statementMap":{"0":{"start":{"line":18,"column":4},"end":{"line":18,"column":24}},"1":{"start":{"line":22,"column":19},"end":{"line":22,"column":29}},"2":{"start":{"line":24,"column":4},"end":{"line":37,"column":5}},"3":{"start":{"line":25,"column":26},"end":{"line":25,"column":65}},"4":{"start":{"line":27,"column":6},"end":{"line":27,"column":27}},"5":{"start":{"line":29,"column":6},"end":{"line":33,"column":7}},"6":{"start":{"line":30,"column":8},"end":{"line":30,"column":81}},"7":{"start":{"line":32,"column":8},"end":{"line":32,"column":38}},"8":{"start":{"line":35,"column":6},"end":{"line":35,"column":23}},"9":{"start":{"line":36,"column":6},"end":{"line":36,"column":51}},"10":{"start":{"line":41,"column":4},"end":{"line":41,"column":36}},"11":{"start":{"line":45,"column":35},"end":{"line":45,"column":45}},"12":{"start":{"line":47,"column":4},"end":{"line":59,"column":6}},"13":{"start":{"line":63,"column":0},"end":{"line":65,"column":2}},"14":{"start":{"line":67,"column":0},"end":{"line":69,"column":2}}},"fnMap":{"0":{"name":"(anonymous_0)","decl":{"start":{"line":17,"column":2},"end":{"line":17,"column":3}},"loc":{"start":{"line":17,"column":22},"end":{"line":19,"column":3}},"line":17},"1":{"name":"(anonymous_1)","decl":{"start":{"line":21,"column":17},"end":{"line":21,"column":18}},"loc":{"start":{"line":21,"column":29},"end":{"line":38,"column":3}},"line":21},"2":{"name":"(anonymous_2)","decl":{"start":{"line":40,"column":18},"end":{"line":40,"column":19}},"loc":{"start":{"line":40,"column":24},"end":{"line":42,"column":3}},"line":40},"3":{"name":"(anonymous_3)","decl":{"start":{"line":44,"column":2},"end":{"line":44,"column":3}},"loc":{"start":{"line":44,"column":11},"end":{"line":60,"column":3}},"line":44}},"branchMap":{"0":{"loc":{"start":{"line":29,"column":6},"end":{"line":33,"column":7}},"type":"if","locations":[{"start":{"line":29,"column":6},"end":{"line":33,"column":7}},{"start":{"line":29,"column":6},"end":{"line":33,"column":7}}],"line":29},"1":{"loc":{"start":{"line":29,"column":9},"end":{"line":29,"column":48}},"type":"binary-expr","locations":[{"start":{"line":29,"column":9},"end":{"line":29,"column":16}},{"start":{"line":29,"column":20},"end":{"line":29,"column":30}},{"start":{"line":29,"column":34},"end":{"line":29,"column":48}}],"line":29},"2":{"loc":{"start":{"line":49,"column":10},"end":{"line":55,"column":20}},"type":"binary-expr","locations":[{"start":{"line":49,"column":10},"end":{"line":49,"column":16}},{"start":{"line":50,"column":11},"end":{"line":55,"column":20}}],"line":49},"3":{"loc":{"start":{"line":56,"column":10},"end":{"line":56,"column":70}},"type":"binary-expr","locations":[{"start":{"line":56,"column":10},"end":{"line":56,"column":16}},{"start":{"line":56,"column":20},"end":{"line":56,"column":27}},{"start":{"line":56,"column":31},"end":{"line":56,"column":70}}],"line":56},"4":{"loc":{"start":{"line":57,"column":10},"end":{"line":57,"column":84}},"type":"binary-expr","locations":[{"start":{"line":57,"column":10},"end":{"line":57,"column":15}},{"start":{"line":57,"column":19},"end":{"line":57,"column":84}}],"line":57}},"s":{"0":2,"1":4,"2":4,"3":4,"4":3,"5":3,"6":2,"7":1,"8":1,"9":1,"10":1,"11":6,"12":6,"13":3,"14":3},"f":{"0":2,"1":4,"2":1,"3":6},"b":{"0":[2,1],"1":[3,2,2],"2":[6,5],"3":[6,5,2],"4":[6,1]},"_coverageSchema":"332fd63041d2c1bcb487cc26dd0d5f7d97098a6c","hash":"0dee5bf9db58703477fe9c41d93b37d54d499cfb"}
,"E:\\projects\\epam\\reactjs-films-homework\\src\\client\\containers\\MoviesList\\MoviesList.jsx": {"path":"E:\\projects\\epam\\reactjs-films-homework\\src\\client\\containers\\MoviesList\\MoviesList.jsx","statementMap":{"0":{"start":{"line":32,"column":29},"end":{"line":32,"column":39}},"1":{"start":{"line":34,"column":4},"end":{"line":34,"column":19}},"2":{"start":{"line":43,"column":8},"end":{"line":43,"column":18}},"3":{"start":{"line":51,"column":8},"end":{"line":51,"column":13}},"4":{"start":{"line":52,"column":25},"end":{"line":52,"column":44}},"5":{"start":{"line":53,"column":25},"end":{"line":53,"column":42}},"6":{"start":{"line":54,"column":26},"end":{"line":54,"column":53}},"7":{"start":{"line":55,"column":23},"end":{"line":55,"column":40}},"8":{"start":{"line":57,"column":4},"end":{"line":74,"column":5}},"9":{"start":{"line":58,"column":6},"end":{"line":67,"column":7}},"10":{"start":{"line":59,"column":27},"end":{"line":59,"column":77}},"11":{"start":{"line":59,"column":49},"end":{"line":59,"column":76}},"12":{"start":{"line":61,"column":8},"end":{"line":66,"column":9}},"13":{"start":{"line":62,"column":10},"end":{"line":65,"column":13}},"14":{"start":{"line":63,"column":12},"end":{"line":63,"column":34}},"15":{"start":{"line":64,"column":12},"end":{"line":64,"column":40}},"16":{"start":{"line":69,"column":25},"end":{"line":69,"column":34}},"17":{"start":{"line":71,"column":6},"end":{"line":73,"column":7}},"18":{"start":{"line":72,"column":8},"end":{"line":72,"column":36}},"19":{"start":{"line":76,"column":4},"end":{"line":78,"column":5}},"20":{"start":{"line":77,"column":6},"end":{"line":77,"column":49}},"21":{"start":{"line":80,"column":4},"end":{"line":82,"column":5}},"22":{"start":{"line":81,"column":6},"end":{"line":81,"column":21}},"23":{"start":{"line":84,"column":4},"end":{"line":92,"column":5}},"24":{"start":{"line":85,"column":6},"end":{"line":91,"column":9}},"25":{"start":{"line":86,"column":8},"end":{"line":90,"column":9}},"26":{"start":{"line":87,"column":10},"end":{"line":87,"column":52}},"27":{"start":{"line":89,"column":10},"end":{"line":89,"column":24}},"28":{"start":{"line":94,"column":4},"end":{"line":96,"column":5}},"29":{"start":{"line":95,"column":6},"end":{"line":95,"column":70}},"30":{"start":{"line":95,"column":51},"end":{"line":95,"column":66}},"31":{"start":{"line":106,"column":8},"end":{"line":106,"column":18}},"32":{"start":{"line":108,"column":4},"end":{"line":138,"column":5}},"33":{"start":{"line":109,"column":22},"end":{"line":109,"column":38}},"34":{"start":{"line":110,"column":6},"end":{"line":110,"column":39}},"35":{"start":{"line":112,"column":6},"end":{"line":137,"column":7}},"36":{"start":{"line":114,"column":24},"end":{"line":114,"column":41}},"37":{"start":{"line":116,"column":10},"end":{"line":116,"column":37}},"38":{"start":{"line":117,"column":10},"end":{"line":117,"column":16}},"39":{"start":{"line":120,"column":30},"end":{"line":120,"column":42}},"40":{"start":{"line":122,"column":10},"end":{"line":122,"column":39}},"41":{"start":{"line":123,"column":10},"end":{"line":123,"column":16}},"42":{"start":{"line":126,"column":22},"end":{"line":131,"column":11}},"43":{"start":{"line":132,"column":23},"end":{"line":132,"column":35}},"44":{"start":{"line":134,"column":10},"end":{"line":134,"column":38}},"45":{"start":{"line":135,"column":10},"end":{"line":135,"column":16}},"46":{"start":{"line":142,"column":4},"end":{"line":142,"column":38}},"47":{"start":{"line":146,"column":35},"end":{"line":146,"column":45}},"48":{"start":{"line":148,"column":4},"end":{"line":154,"column":5}},"49":{"start":{"line":149,"column":6},"end":{"line":151,"column":7}},"50":{"start":{"line":150,"column":8},"end":{"line":150,"column":72}},"51":{"start":{"line":153,"column":6},"end":{"line":153,"column":75}},"52":{"start":{"line":156,"column":4},"end":{"line":156,"column":22}},"53":{"start":{"line":165,"column":8},"end":{"line":165,"column":18}},"54":{"start":{"line":166,"column":25},"end":{"line":166,"column":35}},"55":{"start":{"line":167,"column":21},"end":{"line":167,"column":61}},"56":{"start":{"line":168,"column":24},"end":{"line":168,"column":93}},"57":{"start":{"line":170,"column":4},"end":{"line":184,"column":6}},"58":{"start":{"line":175,"column":44},"end":{"line":175,"column":86}},"59":{"start":{"line":188,"column":27},"end":{"line":196,"column":2}},"60":{"start":{"line":188,"column":40},"end":{"line":196,"column":1}},"61":{"start":{"line":189,"column":33},"end":{"line":189,"column":83}},"62":{"start":{"line":190,"column":33},"end":{"line":190,"column":83}},"63":{"start":{"line":191,"column":32},"end":{"line":191,"column":81}},"64":{"start":{"line":192,"column":22},"end":{"line":192,"column":54}},"65":{"start":{"line":194,"column":4},"end":{"line":194,"column":63}},"66":{"start":{"line":198,"column":24},"end":{"line":204,"column":2}},"67":{"start":{"line":198,"column":34},"end":{"line":204,"column":1}}},"fnMap":{"0":{"name":"(anonymous_0)","decl":{"start":{"line":31,"column":22},"end":{"line":31,"column":23}},"loc":{"start":{"line":31,"column":28},"end":{"line":35,"column":3}},"line":31},"1":{"name":"(anonymous_1)","decl":{"start":{"line":37,"column":2},"end":{"line":37,"column":3}},"loc":{"start":{"line":37,"column":35},"end":{"line":97,"column":3}},"line":37},"2":{"name":"(anonymous_2)","decl":{"start":{"line":59,"column":39},"end":{"line":59,"column":40}},"loc":{"start":{"line":59,"column":49},"end":{"line":59,"column":76}},"line":59},"3":{"name":"(anonymous_3)","decl":{"start":{"line":62,"column":47},"end":{"line":62,"column":48}},"loc":{"start":{"line":62,"column":53},"end":{"line":65,"column":11}},"line":62},"4":{"name":"(anonymous_4)","decl":{"start":{"line":85,"column":47},"end":{"line":85,"column":48}},"loc":{"start":{"line":85,"column":53},"end":{"line":91,"column":7}},"line":85},"5":{"name":"(anonymous_5)","decl":{"start":{"line":95,"column":43},"end":{"line":95,"column":44}},"loc":{"start":{"line":95,"column":49},"end":{"line":95,"column":68}},"line":95},"6":{"name":"(anonymous_6)","decl":{"start":{"line":99,"column":19},"end":{"line":99,"column":20}},"loc":{"start":{"line":99,"column":25},"end":{"line":139,"column":3}},"line":99},"7":{"name":"(anonymous_7)","decl":{"start":{"line":141,"column":19},"end":{"line":141,"column":20}},"loc":{"start":{"line":141,"column":25},"end":{"line":143,"column":3}},"line":141},"8":{"name":"(anonymous_8)","decl":{"start":{"line":145,"column":18},"end":{"line":145,"column":19}},"loc":{"start":{"line":145,"column":24},"end":{"line":157,"column":3}},"line":145},"9":{"name":"(anonymous_9)","decl":{"start":{"line":159,"column":2},"end":{"line":159,"column":3}},"loc":{"start":{"line":159,"column":11},"end":{"line":185,"column":3}},"line":159},"10":{"name":"(anonymous_10)","decl":{"start":{"line":175,"column":25},"end":{"line":175,"column":26}},"loc":{"start":{"line":175,"column":44},"end":{"line":175,"column":86}},"line":175},"11":{"name":"(anonymous_11)","decl":{"start":{"line":188,"column":27},"end":{"line":188,"column":28}},"loc":{"start":{"line":188,"column":40},"end":{"line":196,"column":1}},"line":188},"12":{"name":"(anonymous_12)","decl":{"start":{"line":189,"column":25},"end":{"line":189,"column":26}},"loc":{"start":{"line":189,"column":33},"end":{"line":189,"column":83}},"line":189},"13":{"name":"(anonymous_13)","decl":{"start":{"line":190,"column":22},"end":{"line":190,"column":23}},"loc":{"start":{"line":190,"column":33},"end":{"line":190,"column":83}},"line":190},"14":{"name":"(anonymous_14)","decl":{"start":{"line":191,"column":23},"end":{"line":191,"column":24}},"loc":{"start":{"line":191,"column":32},"end":{"line":191,"column":81}},"line":191},"15":{"name":"(anonymous_15)","decl":{"start":{"line":192,"column":16},"end":{"line":192,"column":17}},"loc":{"start":{"line":192,"column":22},"end":{"line":192,"column":54}},"line":192},"16":{"name":"(anonymous_16)","decl":{"start":{"line":193,"column":19},"end":{"line":193,"column":20}},"loc":{"start":{"line":194,"column":4},"end":{"line":194,"column":63}},"line":194},"17":{"name":"(anonymous_17)","decl":{"start":{"line":198,"column":24},"end":{"line":198,"column":25}},"loc":{"start":{"line":198,"column":34},"end":{"line":204,"column":1}},"line":198}},"branchMap":{"0":{"loc":{"start":{"line":57,"column":4},"end":{"line":74,"column":5}},"type":"if","locations":[{"start":{"line":57,"column":4},"end":{"line":74,"column":5}},{"start":{"line":57,"column":4},"end":{"line":74,"column":5}}],"line":57},"1":{"loc":{"start":{"line":58,"column":6},"end":{"line":67,"column":7}},"type":"if","locations":[{"start":{"line":58,"column":6},"end":{"line":67,"column":7}},{"start":{"line":58,"column":6},"end":{"line":67,"column":7}}],"line":58},"2":{"loc":{"start":{"line":61,"column":8},"end":{"line":66,"column":9}},"type":"if","locations":[{"start":{"line":61,"column":8},"end":{"line":66,"column":9}},{"start":{"line":61,"column":8},"end":{"line":66,"column":9}}],"line":61},"3":{"loc":{"start":{"line":61,"column":12},"end":{"line":61,"column":52}},"type":"binary-expr","locations":[{"start":{"line":61,"column":12},"end":{"line":61,"column":22}},{"start":{"line":61,"column":26},"end":{"line":61,"column":52}}],"line":61},"4":{"loc":{"start":{"line":71,"column":6},"end":{"line":73,"column":7}},"type":"if","locations":[{"start":{"line":71,"column":6},"end":{"line":73,"column":7}},{"start":{"line":71,"column":6},"end":{"line":73,"column":7}}],"line":71},"5":{"loc":{"start":{"line":76,"column":4},"end":{"line":78,"column":5}},"type":"if","locations":[{"start":{"line":76,"column":4},"end":{"line":78,"column":5}},{"start":{"line":76,"column":4},"end":{"line":78,"column":5}}],"line":76},"6":{"loc":{"start":{"line":80,"column":4},"end":{"line":82,"column":5}},"type":"if","locations":[{"start":{"line":80,"column":4},"end":{"line":82,"column":5}},{"start":{"line":80,"column":4},"end":{"line":82,"column":5}}],"line":80},"7":{"loc":{"start":{"line":84,"column":4},"end":{"line":92,"column":5}},"type":"if","locations":[{"start":{"line":84,"column":4},"end":{"line":92,"column":5}},{"start":{"line":84,"column":4},"end":{"line":92,"column":5}}],"line":84},"8":{"loc":{"start":{"line":86,"column":8},"end":{"line":90,"column":9}},"type":"if","locations":[{"start":{"line":86,"column":8},"end":{"line":90,"column":9}},{"start":{"line":86,"column":8},"end":{"line":90,"column":9}}],"line":86},"9":{"loc":{"start":{"line":94,"column":4},"end":{"line":96,"column":5}},"type":"if","locations":[{"start":{"line":94,"column":4},"end":{"line":96,"column":5}},{"start":{"line":94,"column":4},"end":{"line":96,"column":5}}],"line":94},"10":{"loc":{"start":{"line":108,"column":4},"end":{"line":138,"column":5}},"type":"if","locations":[{"start":{"line":108,"column":4},"end":{"line":138,"column":5}},{"start":{"line":108,"column":4},"end":{"line":138,"column":5}}],"line":108},"11":{"loc":{"start":{"line":112,"column":6},"end":{"line":137,"column":7}},"type":"switch","locations":[{"start":{"line":113,"column":8},"end":{"line":118,"column":9}},{"start":{"line":119,"column":8},"end":{"line":124,"column":9}},{"start":{"line":125,"column":8},"end":{"line":136,"column":9}}],"line":112},"12":{"loc":{"start":{"line":148,"column":4},"end":{"line":154,"column":5}},"type":"if","locations":[{"start":{"line":148,"column":4},"end":{"line":154,"column":5}},{"start":{"line":148,"column":4},"end":{"line":154,"column":5}}],"line":148},"13":{"loc":{"start":{"line":149,"column":6},"end":{"line":151,"column":7}},"type":"if","locations":[{"start":{"line":149,"column":6},"end":{"line":151,"column":7}},{"start":{"line":149,"column":6},"end":{"line":151,"column":7}}],"line":149},"14":{"loc":{"start":{"line":167,"column":21},"end":{"line":167,"column":61}},"type":"cond-expr","locations":[{"start":{"line":167,"column":32},"end":{"line":167,"column":45}},{"start":{"line":167,"column":48},"end":{"line":167,"column":61}}],"line":167},"15":{"loc":{"start":{"line":178,"column":12},"end":{"line":181,"column":12}},"type":"binary-expr","locations":[{"start":{"line":178,"column":12},"end":{"line":178,"column":23}},{"start":{"line":178,"column":27},"end":{"line":181,"column":12}}],"line":178}},"s":{"0":1,"1":1,"2":0,"3":0,"4":0,"5":0,"6":0,"7":0,"8":0,"9":0,"10":0,"11":0,"12":0,"13":0,"14":0,"15":0,"16":0,"17":0,"18":0,"19":0,"20":0,"21":0,"22":0,"23":0,"24":0,"25":0,"26":0,"27":0,"28":0,"29":0,"30":0,"31":0,"32":0,"33":0,"34":0,"35":0,"36":0,"37":0,"38":0,"39":0,"40":0,"41":0,"42":0,"43":0,"44":0,"45":0,"46":0,"47":1,"48":1,"49":0,"50":0,"51":0,"52":1,"53":1,"54":1,"55":1,"56":1,"57":1,"58":0,"59":2,"60":1,"61":0,"62":0,"63":0,"64":1,"65":0,"66":2,"67":1},"f":{"0":1,"1":0,"2":0,"3":0,"4":0,"5":0,"6":0,"7":0,"8":1,"9":1,"10":0,"11":1,"12":0,"13":0,"14":0,"15":1,"16":0,"17":1},"b":{"0":[0,0],"1":[0,0],"2":[0,0],"3":[0,0],"4":[0,0],"5":[0,0],"6":[0,0],"7":[0,0],"8":[0,0],"9":[0,0],"10":[0,0],"11":[0,0,0],"12":[0,1],"13":[0,0],"14":[1,0],"15":[1,1]},"_coverageSchema":"332fd63041d2c1bcb487cc26dd0d5f7d97098a6c","hash":"7e272f4410625876701e9b1fe384ea5a002cd55a"}
,"E:\\projects\\epam\\reactjs-films-homework\\src\\client\\store\\configureStore.js": {"path":"E:\\projects\\epam\\reactjs-films-homework\\src\\client\\store\\configureStore.js","statementMap":{"0":{"start":{"line":5,"column":25},"end":{"line":11,"column":11}},"1":{"start":{"line":14,"column":16},"end":{"line":18,"column":3}},"2":{"start":{"line":20,"column":2},"end":{"line":24,"column":3}},"3":{"start":{"line":21,"column":4},"end":{"line":23,"column":7}},"4":{"start":{"line":22,"column":6},"end":{"line":22,"column":37}},"5":{"start":{"line":26,"column":2},"end":{"line":26,"column":15}}},"fnMap":{"0":{"name":"(anonymous_0)","decl":{"start":{"line":13,"column":15},"end":{"line":13,"column":16}},"loc":{"start":{"line":13,"column":38},"end":{"line":27,"column":1}},"line":13},"1":{"name":"(anonymous_1)","decl":{"start":{"line":21,"column":42},"end":{"line":21,"column":43}},"loc":{"start":{"line":21,"column":48},"end":{"line":23,"column":5}},"line":21}},"branchMap":{"0":{"loc":{"start":{"line":5,"column":25},"end":{"line":11,"column":11}},"type":"cond-expr","locations":[{"start":{"line":10,"column":4},"end":{"line":10,"column":47}},{"start":{"line":11,"column":4},"end":{"line":11,"column":11}}],"line":5},"1":{"loc":{"start":{"line":5,"column":25},"end":{"line":8,"column":42}},"type":"binary-expr","locations":[{"start":{"line":5,"column":25},"end":{"line":5,"column":51}},{"start":{"line":7,"column":5},"end":{"line":7,"column":48}},{"start":{"line":8,"column":5},"end":{"line":8,"column":42}}],"line":5},"2":{"loc":{"start":{"line":13,"column":16},"end":{"line":13,"column":33}},"type":"default-arg","locations":[{"start":{"line":13,"column":31},"end":{"line":13,"column":33}}],"line":13},"3":{"loc":{"start":{"line":20,"column":2},"end":{"line":24,"column":3}},"type":"if","locations":[{"start":{"line":20,"column":2},"end":{"line":24,"column":3}},{"start":{"line":20,"column":2},"end":{"line":24,"column":3}}],"line":20},"4":{"loc":{"start":{"line":20,"column":6},"end":{"line":20,"column":57}},"type":"binary-expr","locations":[{"start":{"line":20,"column":6},"end":{"line":20,"column":16}},{"start":{"line":20,"column":20},"end":{"line":20,"column":57}}],"line":20}},"s":{"0":1,"1":1,"2":1,"3":0,"4":0,"5":1},"f":{"0":1,"1":0},"b":{"0":[0,1],"1":[1,1,0],"2":[1],"3":[0,1],"4":[1,0]},"_coverageSchema":"332fd63041d2c1bcb487cc26dd0d5f7d97098a6c","hash":"2af646a06289e4e20ad99bc9f37239345ec8bea0"}
,"E:\\projects\\epam\\reactjs-films-homework\\src\\client\\store\\actions\\movieDetails.js": {"path":"E:\\projects\\epam\\reactjs-films-homework\\src\\client\\store\\actions\\movieDetails.js","statementMap":{"0":{"start":{"line":5,"column":21},"end":{"line":7,"column":3}},"1":{"start":{"line":6,"column":4},"end":{"line":6,"column":57}}},"fnMap":{"0":{"name":"(anonymous_0)","decl":{"start":{"line":5,"column":12},"end":{"line":5,"column":13}},"loc":{"start":{"line":5,"column":21},"end":{"line":7,"column":3}},"line":5},"1":{"name":"(anonymous_1)","decl":{"start":{"line":5,"column":21},"end":{"line":5,"column":22}},"loc":{"start":{"line":5,"column":41},"end":{"line":7,"column":3}},"line":5}},"branchMap":{},"s":{"0":1,"1":1},"f":{"0":1,"1":1},"b":{},"_coverageSchema":"332fd63041d2c1bcb487cc26dd0d5f7d97098a6c","hash":"bcc4c99f0002181993496b8f19516fbb502bf6a2"}
,"E:\\projects\\epam\\reactjs-films-homework\\src\\client\\store\\actions\\movies.js": {"path":"E:\\projects\\epam\\reactjs-films-homework\\src\\client\\store\\actions\\movies.js","statementMap":{"0":{"start":{"line":4,"column":23},"end":{"line":16,"column":3}},"1":{"start":{"line":5,"column":13},"end":{"line":5,"column":14}},"2":{"start":{"line":7,"column":2},"end":{"line":15,"column":4}},"3":{"start":{"line":8,"column":4},"end":{"line":10,"column":5}},"4":{"start":{"line":9,"column":6},"end":{"line":9,"column":16}},"5":{"start":{"line":12,"column":4},"end":{"line":12,"column":14}},"6":{"start":{"line":14,"column":4},"end":{"line":14,"column":16}},"7":{"start":{"line":18,"column":25},"end":{"line":23,"column":1}},"8":{"start":{"line":19,"column":2},"end":{"line":21,"column":3}},"9":{"start":{"line":20,"column":4},"end":{"line":20,"column":78}},"10":{"start":{"line":20,"column":43},"end":{"line":20,"column":75}},"11":{"start":{"line":22,"column":2},"end":{"line":22,"column":12}},"12":{"start":{"line":26,"column":32},"end":{"line":34,"column":3}},"13":{"start":{"line":27,"column":36},"end":{"line":29,"column":6}},"14":{"start":{"line":31,"column":19},"end":{"line":31,"column":53}},"15":{"start":{"line":33,"column":4},"end":{"line":33,"column":52}},"16":{"start":{"line":35,"column":32},"end":{"line":48,"column":3}},"17":{"start":{"line":36,"column":36},"end":{"line":39,"column":6}},"18":{"start":{"line":41,"column":19},"end":{"line":41,"column":53}},"19":{"start":{"line":43,"column":4},"end":{"line":45,"column":5}},"20":{"start":{"line":44,"column":6},"end":{"line":44,"column":37}},"21":{"start":{"line":47,"column":4},"end":{"line":47,"column":52}},"22":{"start":{"line":49,"column":31},"end":{"line":63,"column":3}},"23":{"start":{"line":50,"column":36},"end":{"line":54,"column":6}},"24":{"start":{"line":56,"column":19},"end":{"line":56,"column":53}},"25":{"start":{"line":58,"column":4},"end":{"line":60,"column":5}},"26":{"start":{"line":59,"column":6},"end":{"line":59,"column":37}},"27":{"start":{"line":62,"column":4},"end":{"line":62,"column":52}},"28":{"start":{"line":64,"column":16},"end":{"line":67,"column":3}},"29":{"start":{"line":65,"column":4},"end":{"line":65,"column":24}},"30":{"start":{"line":66,"column":4},"end":{"line":66,"column":38}}},"fnMap":{"0":{"name":"(anonymous_0)","decl":{"start":{"line":4,"column":23},"end":{"line":4,"column":24}},"loc":{"start":{"line":4,"column":35},"end":{"line":16,"column":1}},"line":4},"1":{"name":"(anonymous_1)","decl":{"start":{"line":7,"column":9},"end":{"line":7,"column":10}},"loc":{"start":{"line":7,"column":34},"end":{"line":15,"column":3}},"line":7},"2":{"name":"(anonymous_2)","decl":{"start":{"line":18,"column":25},"end":{"line":18,"column":26}},"loc":{"start":{"line":18,"column":43},"end":{"line":23,"column":1}},"line":18},"3":{"name":"(anonymous_3)","decl":{"start":{"line":20,"column":34},"end":{"line":20,"column":35}},"loc":{"start":{"line":20,"column":43},"end":{"line":20,"column":75}},"line":20},"4":{"name":"(anonymous_4)","decl":{"start":{"line":26,"column":24},"end":{"line":26,"column":25}},"loc":{"start":{"line":26,"column":32},"end":{"line":34,"column":3}},"line":26},"5":{"name":"(anonymous_5)","decl":{"start":{"line":26,"column":32},"end":{"line":26,"column":33}},"loc":{"start":{"line":26,"column":52},"end":{"line":34,"column":3}},"line":26},"6":{"name":"(anonymous_6)","decl":{"start":{"line":35,"column":21},"end":{"line":35,"column":22}},"loc":{"start":{"line":35,"column":32},"end":{"line":48,"column":3}},"line":35},"7":{"name":"(anonymous_7)","decl":{"start":{"line":35,"column":32},"end":{"line":35,"column":33}},"loc":{"start":{"line":35,"column":52},"end":{"line":48,"column":3}},"line":35},"8":{"name":"(anonymous_8)","decl":{"start":{"line":49,"column":22},"end":{"line":49,"column":23}},"loc":{"start":{"line":49,"column":31},"end":{"line":63,"column":3}},"line":49},"9":{"name":"(anonymous_9)","decl":{"start":{"line":49,"column":31},"end":{"line":49,"column":32}},"loc":{"start":{"line":49,"column":51},"end":{"line":63,"column":3}},"line":49},"10":{"name":"(anonymous_10)","decl":{"start":{"line":64,"column":10},"end":{"line":64,"column":11}},"loc":{"start":{"line":64,"column":16},"end":{"line":67,"column":3}},"line":64},"11":{"name":"(anonymous_11)","decl":{"start":{"line":64,"column":16},"end":{"line":64,"column":17}},"loc":{"start":{"line":64,"column":30},"end":{"line":67,"column":3}},"line":64}},"branchMap":{"0":{"loc":{"start":{"line":7,"column":19},"end":{"line":7,"column":32}},"type":"default-arg","locations":[{"start":{"line":7,"column":27},"end":{"line":7,"column":32}}],"line":7},"1":{"loc":{"start":{"line":8,"column":4},"end":{"line":10,"column":5}},"type":"if","locations":[{"start":{"line":8,"column":4},"end":{"line":10,"column":5}},{"start":{"line":8,"column":4},"end":{"line":10,"column":5}}],"line":8},"2":{"loc":{"start":{"line":19,"column":2},"end":{"line":21,"column":3}},"type":"if","locations":[{"start":{"line":19,"column":2},"end":{"line":21,"column":3}},{"start":{"line":19,"column":2},"end":{"line":21,"column":3}}],"line":19},"3":{"loc":{"start":{"line":43,"column":4},"end":{"line":45,"column":5}},"type":"if","locations":[{"start":{"line":43,"column":4},"end":{"line":45,"column":5}},{"start":{"line":43,"column":4},"end":{"line":45,"column":5}}],"line":43},"4":{"loc":{"start":{"line":58,"column":4},"end":{"line":60,"column":5}},"type":"if","locations":[{"start":{"line":58,"column":4},"end":{"line":60,"column":5}},{"start":{"line":58,"column":4},"end":{"line":60,"column":5}}],"line":58}},"s":{"0":3,"1":3,"2":3,"3":6,"4":1,"5":6,"6":6,"7":3,"8":5,"9":3,"10":40,"11":2,"12":1,"13":1,"14":1,"15":1,"16":2,"17":2,"18":2,"19":2,"20":1,"21":2,"22":2,"23":2,"24":2,"25":2,"26":1,"27":2,"28":1,"29":1,"30":1},"f":{"0":3,"1":6,"2":5,"3":40,"4":1,"5":1,"6":2,"7":2,"8":2,"9":2,"10":1,"11":1},"b":{"0":[5],"1":[1,5],"2":[3,2],"3":[1,1],"4":[1,1]},"_coverageSchema":"332fd63041d2c1bcb487cc26dd0d5f7d97098a6c","hash":"ca7b5af79ab1320401a84b044fd91fe1cf259ed3"}
,"E:\\projects\\epam\\reactjs-films-homework\\src\\client\\store\\reducers\\genres.js": {"path":"E:\\projects\\epam\\reactjs-films-homework\\src\\client\\store\\reducers\\genres.js","statementMap":{"0":{"start":{"line":4,"column":2},"end":{"line":12,"column":3}},"1":{"start":{"line":6,"column":6},"end":{"line":8,"column":7}},"2":{"start":{"line":7,"column":8},"end":{"line":7,"column":21}},"3":{"start":{"line":10,"column":6},"end":{"line":10,"column":28}},"4":{"start":{"line":11,"column":13},"end":{"line":11,"column":26}}},"fnMap":{"0":{"name":"(anonymous_0)","decl":{"start":{"line":3,"column":15},"end":{"line":3,"column":16}},"loc":{"start":{"line":3,"column":39},"end":{"line":13,"column":1}},"line":3}},"branchMap":{"0":{"loc":{"start":{"line":3,"column":16},"end":{"line":3,"column":26}},"type":"default-arg","locations":[{"start":{"line":3,"column":24},"end":{"line":3,"column":26}}],"line":3},"1":{"loc":{"start":{"line":4,"column":2},"end":{"line":12,"column":3}},"type":"switch","locations":[{"start":{"line":5,"column":4},"end":{"line":10,"column":28}},{"start":{"line":11,"column":4},"end":{"line":11,"column":26}}],"line":4},"2":{"loc":{"start":{"line":6,"column":6},"end":{"line":8,"column":7}},"type":"if","locations":[{"start":{"line":6,"column":6},"end":{"line":8,"column":7}},{"start":{"line":6,"column":6},"end":{"line":8,"column":7}}],"line":6}},"s":{"0":7,"1":2,"2":1,"3":1,"4":5},"f":{"0":7},"b":{"0":[3],"1":[2,5],"2":[1,1]},"_coverageSchema":"332fd63041d2c1bcb487cc26dd0d5f7d97098a6c","hash":"7a50d86823ffbe73e42092f7fc034fbd68f55dc8"}
,"E:\\projects\\epam\\reactjs-films-homework\\src\\client\\store\\reducers\\index.js": {"path":"E:\\projects\\epam\\reactjs-films-homework\\src\\client\\store\\reducers\\index.js","statementMap":{},"fnMap":{},"branchMap":{},"s":{},"f":{},"b":{},"_coverageSchema":"332fd63041d2c1bcb487cc26dd0d5f7d97098a6c","hash":"fc9de94deaee451bcc890a3852e369a09490f1fe"}
,"E:\\projects\\epam\\reactjs-films-homework\\src\\client\\store\\reducers\\movieDetails.js": {"path":"E:\\projects\\epam\\reactjs-films-homework\\src\\client\\store\\reducers\\movieDetails.js","statementMap":{"0":{"start":{"line":4,"column":2},"end":{"line":12,"column":3}},"1":{"start":{"line":6,"column":6},"end":{"line":8,"column":7}},"2":{"start":{"line":7,"column":8},"end":{"line":7,"column":30}},"3":{"start":{"line":10,"column":6},"end":{"line":10,"column":19}},"4":{"start":{"line":11,"column":13},"end":{"line":11,"column":26}}},"fnMap":{"0":{"name":"(anonymous_0)","decl":{"start":{"line":3,"column":15},"end":{"line":3,"column":16}},"loc":{"start":{"line":3,"column":39},"end":{"line":13,"column":1}},"line":3}},"branchMap":{"0":{"loc":{"start":{"line":3,"column":16},"end":{"line":3,"column":26}},"type":"default-arg","locations":[{"start":{"line":3,"column":24},"end":{"line":3,"column":26}}],"line":3},"1":{"loc":{"start":{"line":4,"column":2},"end":{"line":12,"column":3}},"type":"switch","locations":[{"start":{"line":5,"column":4},"end":{"line":10,"column":19}},{"start":{"line":11,"column":4},"end":{"line":11,"column":26}}],"line":4},"2":{"loc":{"start":{"line":6,"column":6},"end":{"line":8,"column":7}},"type":"if","locations":[{"start":{"line":6,"column":6},"end":{"line":8,"column":7}},{"start":{"line":6,"column":6},"end":{"line":8,"column":7}}],"line":6}},"s":{"0":7,"1":3,"2":2,"3":1,"4":4},"f":{"0":7},"b":{"0":[3],"1":[3,4],"2":[2,1]},"_coverageSchema":"332fd63041d2c1bcb487cc26dd0d5f7d97098a6c","hash":"dd98f1fe50aaff5a2e107b7c8bf1700081edf1ed"}
,"E:\\projects\\epam\\reactjs-films-homework\\src\\client\\store\\reducers\\movies.js": {"path":"E:\\projects\\epam\\reactjs-films-homework\\src\\client\\store\\reducers\\movies.js","statementMap":{"0":{"start":{"line":3,"column":21},"end":{"line":3,"column":48}},"1":{"start":{"line":6,"column":2},"end":{"line":17,"column":3}},"2":{"start":{"line":7,"column":21},"end":{"line":10,"column":6}},"3":{"start":{"line":11,"column":21},"end":{"line":14,"column":6}},"4":{"start":{"line":15,"column":24},"end":{"line":15,"column":44}},"5":{"start":{"line":16,"column":13},"end":{"line":16,"column":26}}},"fnMap":{"0":{"name":"(anonymous_0)","decl":{"start":{"line":5,"column":15},"end":{"line":5,"column":16}},"loc":{"start":{"line":5,"column":49},"end":{"line":18,"column":1}},"line":5}},"branchMap":{"0":{"loc":{"start":{"line":5,"column":16},"end":{"line":5,"column":36}},"type":"default-arg","locations":[{"start":{"line":5,"column":24},"end":{"line":5,"column":36}}],"line":5},"1":{"loc":{"start":{"line":6,"column":2},"end":{"line":17,"column":3}},"type":"switch","locations":[{"start":{"line":7,"column":4},"end":{"line":10,"column":6}},{"start":{"line":11,"column":4},"end":{"line":14,"column":6}},{"start":{"line":15,"column":4},"end":{"line":15,"column":44}},{"start":{"line":16,"column":4},"end":{"line":16,"column":26}}],"line":6}},"s":{"0":2,"1":8,"2":2,"3":1,"4":2,"5":3},"f":{"0":8},"b":{"0":[3],"1":[2,1,2,3]},"_coverageSchema":"332fd63041d2c1bcb487cc26dd0d5f7d97098a6c","hash":"00eacd7f79752598f0bbfa85cfe8c04fcb6237d1"}
,"E:\\projects\\epam\\reactjs-films-homework\\src\\constants\\actionTypes.js": {"path":"E:\\projects\\epam\\reactjs-films-homework\\src\\constants\\actionTypes.js","statementMap":{"0":{"start":{"line":1,"column":26},"end":{"line":1,"column":38}},"1":{"start":{"line":3,"column":32},"end":{"line":3,"column":50}},"2":{"start":{"line":5,"column":26},"end":{"line":5,"column":38}},"3":{"start":{"line":6,"column":26},"end":{"line":6,"column":38}},"4":{"start":{"line":7,"column":29},"end":{"line":7,"column":44}}},"fnMap":{},"branchMap":{},"s":{"0":7,"1":7,"2":7,"3":7,"4":7},"f":{},"b":{},"_coverageSchema":"332fd63041d2c1bcb487cc26dd0d5f7d97098a6c","hash":"1d63d53c03bbf990248a70837667837003c22cf5"}
,"E:\\projects\\epam\\reactjs-films-homework\\src\\utils\\dialog.js": {"path":"E:\\projects\\epam\\reactjs-films-homework\\src\\utils\\dialog.js","statementMap":{"0":{"start":{"line":3,"column":22},"end":{"line":3,"column":43}},"1":{"start":{"line":6,"column":2},"end":{"line":14,"column":4}},"2":{"start":{"line":8,"column":6},"end":{"line":12,"column":33}},"3":{"start":{"line":10,"column":10},"end":{"line":10,"column":61}},"4":{"start":{"line":17,"column":28},"end":{"line":17,"column":41}},"5":{"start":{"line":18,"column":33},"end":{"line":18,"column":53}}},"fnMap":{"0":{"name":"withDialogContextHOC","decl":{"start":{"line":5,"column":9},"end":{"line":5,"column":29}},"loc":{"start":{"line":5,"column":48},"end":{"line":15,"column":1}},"line":5},"1":{"name":"(anonymous_1)","decl":{"start":{"line":7,"column":4},"end":{"line":7,"column":5}},"loc":{"start":{"line":7,"column":13},"end":{"line":13,"column":5}},"line":7},"2":{"name":"(anonymous_2)","decl":{"start":{"line":9,"column":9},"end":{"line":9,"column":10}},"loc":{"start":{"line":10,"column":10},"end":{"line":10,"column":61}},"line":10}},"branchMap":{},"s":{"0":4,"1":8,"2":5,"3":5,"4":4,"5":4},"f":{"0":8,"1":5,"2":5},"b":{},"_coverageSchema":"332fd63041d2c1bcb487cc26dd0d5f7d97098a6c","hash":"cc7a14dc058262e4ac5ad12deaa246317fb8c4e0"}
,"E:\\projects\\epam\\reactjs-films-homework\\src\\utils\\http.js": {"path":"E:\\projects\\epam\\reactjs-films-homework\\src\\utils\\http.js","statementMap":{"0":{"start":{"line":3,"column":21},"end":{"line":19,"column":1}},"1":{"start":{"line":4,"column":16},"end":{"line":4,"column":19}},"2":{"start":{"line":6,"column":2},"end":{"line":8,"column":3}},"3":{"start":{"line":7,"column":4},"end":{"line":7,"column":49}},"4":{"start":{"line":10,"column":2},"end":{"line":12,"column":3}},"5":{"start":{"line":11,"column":4},"end":{"line":11,"column":19}},"6":{"start":{"line":14,"column":2},"end":{"line":16,"column":3}},"7":{"start":{"line":15,"column":4},"end":{"line":15,"column":66}},"8":{"start":{"line":18,"column":2},"end":{"line":18,"column":43}},"9":{"start":{"line":21,"column":23},"end":{"line":39,"column":1}},"10":{"start":{"line":22,"column":18},"end":{"line":22,"column":20}},"11":{"start":{"line":24,"column":2},"end":{"line":26,"column":3}},"12":{"start":{"line":25,"column":4},"end":{"line":25,"column":20}},"13":{"start":{"line":28,"column":2},"end":{"line":31,"column":3}},"14":{"start":{"line":29,"column":4},"end":{"line":29,"column":33}},"15":{"start":{"line":30,"column":4},"end":{"line":30,"column":59}},"16":{"start":{"line":33,"column":20},"end":{"line":36,"column":14}},"17":{"start":{"line":35,"column":17},"end":{"line":35,"column":85}},"18":{"start":{"line":38,"column":2},"end":{"line":38,"column":49}},"19":{"start":{"line":41,"column":13},"end":{"line":41,"column":40}},"20":{"start":{"line":41,"column":25},"end":{"line":41,"column":40}},"21":{"start":{"line":44,"column":2},"end":{"line":48,"column":16}},"22":{"start":{"line":52,"column":2},"end":{"line":60,"column":16}}},"fnMap":{"0":{"name":"(anonymous_0)","decl":{"start":{"line":3,"column":21},"end":{"line":3,"column":22}},"loc":{"start":{"line":3,"column":30},"end":{"line":19,"column":1}},"line":3},"1":{"name":"(anonymous_1)","decl":{"start":{"line":21,"column":23},"end":{"line":21,"column":24}},"loc":{"start":{"line":21,"column":38},"end":{"line":39,"column":1}},"line":21},"2":{"name":"(anonymous_2)","decl":{"start":{"line":35,"column":9},"end":{"line":35,"column":10}},"loc":{"start":{"line":35,"column":17},"end":{"line":35,"column":85}},"line":35},"3":{"name":"(anonymous_3)","decl":{"start":{"line":41,"column":13},"end":{"line":41,"column":14}},"loc":{"start":{"line":41,"column":25},"end":{"line":41,"column":40}},"line":41},"4":{"name":"get","decl":{"start":{"line":43,"column":9},"end":{"line":43,"column":12}},"loc":{"start":{"line":43,"column":25},"end":{"line":49,"column":1}},"line":43},"5":{"name":"post","decl":{"start":{"line":51,"column":9},"end":{"line":51,"column":13}},"loc":{"start":{"line":51,"column":26},"end":{"line":61,"column":1}},"line":51}},"branchMap":{"0":{"loc":{"start":{"line":6,"column":2},"end":{"line":8,"column":3}},"type":"if","locations":[{"start":{"line":6,"column":2},"end":{"line":8,"column":3}},{"start":{"line":6,"column":2},"end":{"line":8,"column":3}}],"line":6},"1":{"loc":{"start":{"line":10,"column":2},"end":{"line":12,"column":3}},"type":"if","locations":[{"start":{"line":10,"column":2},"end":{"line":12,"column":3}},{"start":{"line":10,"column":2},"end":{"line":12,"column":3}}],"line":10},"2":{"loc":{"start":{"line":14,"column":2},"end":{"line":16,"column":3}},"type":"if","locations":[{"start":{"line":14,"column":2},"end":{"line":16,"column":3}},{"start":{"line":14,"column":2},"end":{"line":16,"column":3}}],"line":14},"3":{"loc":{"start":{"line":24,"column":2},"end":{"line":26,"column":3}},"type":"if","locations":[{"start":{"line":24,"column":2},"end":{"line":26,"column":3}},{"start":{"line":24,"column":2},"end":{"line":26,"column":3}}],"line":24},"4":{"loc":{"start":{"line":28,"column":2},"end":{"line":31,"column":3}},"type":"if","locations":[{"start":{"line":28,"column":2},"end":{"line":31,"column":3}},{"start":{"line":28,"column":2},"end":{"line":31,"column":3}}],"line":28},"5":{"loc":{"start":{"line":38,"column":9},"end":{"line":38,"column":48}},"type":"cond-expr","locations":[{"start":{"line":38,"column":28},"end":{"line":38,"column":43}},{"start":{"line":38,"column":46},"end":{"line":38,"column":48}}],"line":38}},"s":{"0":6,"1":53,"2":53,"3":1,"4":53,"5":2,"6":51,"7":50,"8":1,"9":6,"10":52,"11":52,"12":6,"13":52,"14":50,"15":50,"16":52,"17":112,"18":52,"19":6,"20":52,"21":52,"22":1},"f":{"0":53,"1":52,"2":112,"3":52,"4":52,"5":1},"b":{"0":[1,52],"1":[2,51],"2":[50,1],"3":[6,46],"4":[50,2],"5":[51,1]},"_coverageSchema":"332fd63041d2c1bcb487cc26dd0d5f7d97098a6c","hash":"28e8aef5a36c33e4de0a0577b4266b8eb2379b2c"}
,"E:\\projects\\epam\\reactjs-films-homework\\src\\utils\\message.js": {"path":"E:\\projects\\epam\\reactjs-films-homework\\src\\utils\\message.js","statementMap":{"0":{"start":{"line":3,"column":23},"end":{"line":3,"column":44}},"1":{"start":{"line":6,"column":2},"end":{"line":15,"column":4}},"2":{"start":{"line":8,"column":6},"end":{"line":13,"column":34}},"3":{"start":{"line":10,"column":10},"end":{"line":11,"column":12}},"4":{"start":{"line":18,"column":28},"end":{"line":18,"column":42}},"5":{"start":{"line":19,"column":34},"end":{"line":19,"column":55}}},"fnMap":{"0":{"name":"withMessageContextHOC","decl":{"start":{"line":5,"column":9},"end":{"line":5,"column":30}},"loc":{"start":{"line":5,"column":49},"end":{"line":16,"column":1}},"line":5},"1":{"name":"(anonymous_1)","decl":{"start":{"line":7,"column":4},"end":{"line":7,"column":5}},"loc":{"start":{"line":7,"column":13},"end":{"line":14,"column":5}},"line":7},"2":{"name":"(anonymous_2)","decl":{"start":{"line":9,"column":9},"end":{"line":9,"column":10}},"loc":{"start":{"line":10,"column":10},"end":{"line":11,"column":12}},"line":10}},"branchMap":{},"s":{"0":4,"1":4,"2":3,"3":3,"4":4,"5":4},"f":{"0":4,"1":3,"2":3},"b":{},"_coverageSchema":"332fd63041d2c1bcb487cc26dd0d5f7d97098a6c","hash":"4aabe1b7b3288944c7d2a4cd6c8c88e4be0dcdd9"}
,"E:\\projects\\epam\\reactjs-films-homework\\src\\utils\\rendering.js": {"path":"E:\\projects\\epam\\reactjs-films-homework\\src\\utils\\rendering.js","statementMap":{"0":{"start":{"line":4,"column":2},"end":{"line":19,"column":4}},"1":{"start":{"line":6,"column":28},"end":{"line":6,"column":48}},"2":{"start":{"line":7,"column":24},"end":{"line":7,"column":61}},"3":{"start":{"line":9,"column":6},"end":{"line":11,"column":7}},"4":{"start":{"line":10,"column":8},"end":{"line":10,"column":25}},"5":{"start":{"line":13,"column":6},"end":{"line":15,"column":7}},"6":{"start":{"line":14,"column":8},"end":{"line":14,"column":25}},"7":{"start":{"line":17,"column":6},"end":{"line":17,"column":18}}},"fnMap":{"0":{"name":"withConditionalRendering","decl":{"start":{"line":3,"column":24},"end":{"line":3,"column":48}},"loc":{"start":{"line":3,"column":77},"end":{"line":20,"column":1}},"line":3},"1":{"name":"(anonymous_1)","decl":{"start":{"line":5,"column":4},"end":{"line":5,"column":5}},"loc":{"start":{"line":5,"column":13},"end":{"line":18,"column":5}},"line":5}},"branchMap":{"0":{"loc":{"start":{"line":9,"column":6},"end":{"line":11,"column":7}},"type":"if","locations":[{"start":{"line":9,"column":6},"end":{"line":11,"column":7}},{"start":{"line":9,"column":6},"end":{"line":11,"column":7}}],"line":9},"1":{"loc":{"start":{"line":9,"column":10},"end":{"line":9,"column":64}},"type":"binary-expr","locations":[{"start":{"line":9,"column":10},"end":{"line":9,"column":40}},{"start":{"line":9,"column":44},"end":{"line":9,"column":64}}],"line":9},"2":{"loc":{"start":{"line":13,"column":6},"end":{"line":15,"column":7}},"type":"if","locations":[{"start":{"line":13,"column":6},"end":{"line":15,"column":7}},{"start":{"line":13,"column":6},"end":{"line":15,"column":7}}],"line":13},"3":{"loc":{"start":{"line":13,"column":10},"end":{"line":13,"column":63}},"type":"binary-expr","locations":[{"start":{"line":13,"column":10},"end":{"line":13,"column":37}},{"start":{"line":13,"column":41},"end":{"line":13,"column":63}}],"line":13}},"s":{"0":24,"1":53,"2":53,"3":53,"4":5,"5":48,"6":38,"7":10},"f":{"0":24,"1":53},"b":{"0":[5,48],"1":[53,5],"2":[38,10],"3":[48,38]},"_coverageSchema":"332fd63041d2c1bcb487cc26dd0d5f7d97098a6c","hash":"63b3c6f04772e60132982c9cae179e8c6cebb0f7"}
,"E:\\projects\\epam\\reactjs-films-homework\\src\\utils\\url.js": {"path":"E:\\projects\\epam\\reactjs-films-homework\\src\\utils\\url.js","statementMap":{"0":{"start":{"line":3,"column":20},"end":{"line":11,"column":1}},"1":{"start":{"line":4,"column":16},"end":{"line":4,"column":64}},"2":{"start":{"line":6,"column":2},"end":{"line":10,"column":9}},"3":{"start":{"line":7,"column":18},"end":{"line":7,"column":33}},"4":{"start":{"line":9,"column":4},"end":{"line":9,"column":72}},"5":{"start":{"line":13,"column":26},"end":{"line":18,"column":1}},"6":{"start":{"line":14,"column":23},"end":{"line":14,"column":40}},"7":{"start":{"line":15,"column":18},"end":{"line":15,"column":58}},"8":{"start":{"line":17,"column":2},"end":{"line":17,"column":50}},"9":{"start":{"line":20,"column":24},"end":{"line":24,"column":1}},"10":{"start":{"line":21,"column":17},"end":{"line":21,"column":30}},"11":{"start":{"line":23,"column":2},"end":{"line":23,"column":21}},"12":{"start":{"line":28,"column":4},"end":{"line":28,"column":32}},"13":{"start":{"line":32,"column":4},"end":{"line":32,"column":84}},"14":{"start":{"line":32,"column":46},"end":{"line":32,"column":80}},"15":{"start":{"line":34,"column":4},"end":{"line":34,"column":16}},"16":{"start":{"line":38,"column":4},"end":{"line":38,"column":69}},"17":{"start":{"line":38,"column":36},"end":{"line":38,"column":65}},"18":{"start":{"line":40,"column":4},"end":{"line":40,"column":16}},"19":{"start":{"line":44,"column":19},"end":{"line":51,"column":29}},"20":{"start":{"line":47,"column":22},"end":{"line":47,"column":38}},"21":{"start":{"line":49,"column":8},"end":{"line":49,"column":60}},"22":{"start":{"line":51,"column":23},"end":{"line":51,"column":28}},"23":{"start":{"line":53,"column":4},"end":{"line":53,"column":60}}},"fnMap":{"0":{"name":"(anonymous_0)","decl":{"start":{"line":3,"column":20},"end":{"line":3,"column":21}},"loc":{"start":{"line":3,"column":26},"end":{"line":11,"column":1}},"line":3},"1":{"name":"(anonymous_1)","decl":{"start":{"line":6,"column":22},"end":{"line":6,"column":23}},"loc":{"start":{"line":6,"column":37},"end":{"line":10,"column":3}},"line":6},"2":{"name":"(anonymous_2)","decl":{"start":{"line":13,"column":26},"end":{"line":13,"column":27}},"loc":{"start":{"line":13,"column":45},"end":{"line":18,"column":1}},"line":13},"3":{"name":"(anonymous_3)","decl":{"start":{"line":20,"column":24},"end":{"line":20,"column":25}},"loc":{"start":{"line":20,"column":33},"end":{"line":24,"column":1}},"line":20},"4":{"name":"(anonymous_4)","decl":{"start":{"line":27,"column":2},"end":{"line":27,"column":3}},"loc":{"start":{"line":27,"column":16},"end":{"line":29,"column":3}},"line":27},"5":{"name":"(anonymous_5)","decl":{"start":{"line":31,"column":2},"end":{"line":31,"column":3}},"loc":{"start":{"line":31,"column":17},"end":{"line":35,"column":3}},"line":31},"6":{"name":"(anonymous_6)","decl":{"start":{"line":32,"column":35},"end":{"line":32,"column":36}},"loc":{"start":{"line":32,"column":44},"end":{"line":32,"column":82}},"line":32},"7":{"name":"(anonymous_7)","decl":{"start":{"line":37,"column":2},"end":{"line":37,"column":3}},"loc":{"start":{"line":37,"column":23},"end":{"line":41,"column":3}},"line":37},"8":{"name":"(anonymous_8)","decl":{"start":{"line":38,"column":25},"end":{"line":38,"column":26}},"loc":{"start":{"line":38,"column":34},"end":{"line":38,"column":67}},"line":38},"9":{"name":"(anonymous_9)","decl":{"start":{"line":43,"column":2},"end":{"line":43,"column":3}},"loc":{"start":{"line":43,"column":13},"end":{"line":54,"column":3}},"line":43},"10":{"name":"(anonymous_10)","decl":{"start":{"line":46,"column":14},"end":{"line":46,"column":15}},"loc":{"start":{"line":46,"column":28},"end":{"line":50,"column":7}},"line":46},"11":{"name":"(anonymous_11)","decl":{"start":{"line":51,"column":14},"end":{"line":51,"column":15}},"loc":{"start":{"line":51,"column":23},"end":{"line":51,"column":28}},"line":51}},"branchMap":{"0":{"loc":{"start":{"line":9,"column":30},"end":{"line":9,"column":70}},"type":"cond-expr","locations":[{"start":{"line":9,"column":41},"end":{"line":9,"column":65}},{"start":{"line":9,"column":68},"end":{"line":9,"column":70}}],"line":9},"1":{"loc":{"start":{"line":13,"column":27},"end":{"line":13,"column":40}},"type":"default-arg","locations":[{"start":{"line":13,"column":35},"end":{"line":13,"column":40}}],"line":13},"2":{"loc":{"start":{"line":17,"column":9},"end":{"line":17,"column":49}},"type":"cond-expr","locations":[{"start":{"line":17,"column":17},"end":{"line":17,"column":38}},{"start":{"line":17,"column":41},"end":{"line":17,"column":49}}],"line":17},"3":{"loc":{"start":{"line":17,"column":17},"end":{"line":17,"column":38}},"type":"binary-expr","locations":[{"start":{"line":17,"column":17},"end":{"line":17,"column":24}},{"start":{"line":17,"column":28},"end":{"line":17,"column":38}}],"line":17},"4":{"loc":{"start":{"line":49,"column":26},"end":{"line":49,"column":58}},"type":"cond-expr","locations":[{"start":{"line":49,"column":34},"end":{"line":49,"column":51}},{"start":{"line":49,"column":54},"end":{"line":49,"column":58}}],"line":49},"5":{"loc":{"start":{"line":53,"column":14},"end":{"line":53,"column":57}},"type":"cond-expr","locations":[{"start":{"line":53,"column":30},"end":{"line":53,"column":52}},{"start":{"line":53,"column":55},"end":{"line":53,"column":57}}],"line":53}},"s":{"0":11,"1":14,"2":14,"3":38,"4":38,"5":11,"6":20,"7":20,"8":20,"9":11,"10":7,"11":7,"12":7,"13":5,"14":4,"15":5,"16":7,"17":7,"18":7,"19":9,"20":21,"21":21,"22":21,"23":9},"f":{"0":14,"1":38,"2":20,"3":7,"4":7,"5":5,"6":4,"7":7,"8":7,"9":9,"10":21,"11":21},"b":{"0":[32,6],"1":[19],"2":[1,19],"3":[1,1],"4":[8,13],"5":[5,4]},"_coverageSchema":"332fd63041d2c1bcb487cc26dd0d5f7d97098a6c","hash":"9c9f796ab8c61d61c45372b222b7ae1559116fdc"}
}
