TN:
SF:E:\projects\epam\reactjs-films-homework\src\client\components\Button\Button.jsx
FN:8,(anonymous_0)
FNF:1
FNH:1
FNDA:5,(anonymous_0)
DA:8,5
DA:15,5
DA:28,5
DA:34,5
LF:4
LH:4
BRF:0
BRH:0
end_of_record
TN:
SF:E:\projects\epam\reactjs-films-homework\src\client\components\Description\Description.jsx
FN:10,(anonymous_0)
FNF:1
FNH:1
FNDA:1,(anonymous_0)
DA:10,1
DA:11,1
DA:20,1
DA:25,1
LF:4
LH:4
BRF:0
BRH:0
end_of_record
TN:
SF:E:\projects\epam\reactjs-films-homework\src\client\components\Dialog\Dialog.jsx
FN:12,(anonymous_0)
FNF:1
FNH:1
FNDA:1,(anonymous_0)
DA:13,1
DA:15,1
DA:20,1
DA:26,1
DA:31,1
LF:5
LH:5
BRF:0
BRH:0
end_of_record
TN:
SF:E:\projects\epam\reactjs-films-homework\src\client\components\FilmHeader\FilmHeader.jsx
FN:8,(anonymous_0)
FN:13,(anonymous_1)
FN:14,(anonymous_2)
FN:21,(anonymous_3)
FNF:4
FNH:4
FNDA:4,(anonymous_0)
FNDA:4,(anonymous_1)
FNDA:12,(anonymous_2)
FNDA:4,(anonymous_3)
DA:8,1
DA:9,4
DA:10,4
DA:11,4
DA:13,4
DA:14,4
DA:15,12
DA:21,4
DA:22,4
DA:27,4
DA:38,1
DA:44,1
LF:12
LH:12
BRDA:22,0,0,4
BRDA:22,0,1,3
BRDA:23,1,0,1
BRDA:23,1,1,2
BRDA:23,2,0,1
BRDA:23,2,1,2
BRF:6
BRH:6
end_of_record
TN:
SF:E:\projects\epam\reactjs-films-homework\src\client\components\Footer\Footer.jsx
FN:5,(anonymous_0)
FNF:1
FNH:1
FNDA:1,(anonymous_0)
DA:5,1
DA:6,1
LF:2
LH:2
BRF:0
BRH:0
end_of_record
TN:
SF:E:\projects\epam\reactjs-films-homework\src\client\components\Icon\Icon.jsx
FN:26,(anonymous_0)
FNF:1
FNH:1
FNDA:28,(anonymous_0)
DA:15,7
DA:26,7
DA:27,28
DA:29,28
DA:30,27
DA:33,1
DA:36,7
DA:40,7
LF:8
LH:8
BRDA:29,0,0,27
BRDA:29,0,1,1
BRF:2
BRH:2
end_of_record
TN:
SF:E:\projects\epam\reactjs-films-homework\src\client\components\Image\Image.jsx
FN:10,(anonymous_0)
FNF:1
FNH:1
FNDA:4,(anonymous_0)
DA:10,5
DA:16,4
DA:17,4
DA:19,4
DA:20,3
DA:23,4
DA:26,5
DA:33,5
LF:8
LH:8
BRDA:19,0,0,3
BRDA:19,0,1,1
BRF:2
BRH:2
end_of_record
TN:
SF:E:\projects\epam\reactjs-films-homework\src\client\components\Link\Link.jsx
FN:16,(anonymous_0)
FN:22,(anonymous_1)
FN:34,(anonymous_2)
FNF:3
FNH:3
FNDA:29,(anonymous_0)
FNDA:2,(anonymous_1)
FNDA:71,(anonymous_2)
DA:17,29
DA:19,29
DA:23,2
DA:25,2
DA:26,2
DA:31,2
DA:39,71
DA:40,71
DA:42,71
DA:55,9
DA:62,9
LF:11
LH:11
BRDA:17,0,0,29
BRDA:17,0,1,10
BRDA:25,1,0,2
BRDA:25,1,1,1
BRF:4
BRH:4
end_of_record
TN:
SF:E:\projects\epam\reactjs-films-homework\src\client\components\ListControls\ListControls.jsx
FN:15,(anonymous_0)
FN:18,(anonymous_1)
FN:27,(anonymous_2)
FN:31,(anonymous_3)
FNF:4
FNH:4
FNDA:6,(anonymous_0)
FNDA:18,(anonymous_1)
FNDA:4,(anonymous_2)
FNDA:2,(anonymous_3)
DA:16,6
DA:17,6
DA:18,18
DA:19,6
DA:21,6
DA:28,4
DA:32,2
DA:34,2
DA:67,3
DA:73,3
LF:10
LH:10
BRDA:19,0,0,6
BRDA:19,0,1,6
BRDA:23,1,0,6
BRDA:23,1,1,6
BRF:4
BRH:4
end_of_record
TN:
SF:E:\projects\epam\reactjs-films-homework\src\client\components\Loading\Loading.jsx
FN:8,(anonymous_0)
FNF:1
FNH:1
FNDA:5,(anonymous_0)
DA:8,4
DA:9,5
DA:25,4
DA:29,4
LF:4
LH:4
BRF:0
BRH:0
end_of_record
TN:
SF:E:\projects\epam\reactjs-films-homework\src\client\components\Message\Message.jsx
FN:13,(anonymous_0)
FN:17,(anonymous_1)
FN:20,(anonymous_2)
FN:24,(anonymous_3)
FNF:4
FNH:4
FNDA:1,(anonymous_0)
FNDA:1,(anonymous_1)
FNDA:1,(anonymous_2)
FNDA:1,(anonymous_3)
DA:14,1
DA:16,1
DA:17,1
DA:21,1
DA:25,1
DA:26,1
DA:28,1
DA:36,1
DA:41,1
LF:9
LH:9
BRF:0
BRH:0
end_of_record
TN:
SF:E:\projects\epam\reactjs-films-homework\src\client\components\MovieGridItem\MovieGridItem.jsx
FN:21,(anonymous_0)
FN:26,(anonymous_1)
FN:30,(anonymous_2)
FN:68,(anonymous_3)
FNF:4
FNH:4
FNDA:1,(anonymous_0)
FNDA:1,(anonymous_1)
FNDA:2,(anonymous_2)
FNDA:6,(anonymous_3)
DA:22,1
DA:23,1
DA:27,1
DA:31,2
DA:32,2
DA:34,2
DA:69,6
DA:102,3
DA:106,3
LF:9
LH:9
BRDA:38,0,0,2
BRDA:38,0,1,1
BRDA:68,1,0,2
BRDA:68,1,1,2
BRF:4
BRH:4
end_of_record
TN:
SF:E:\projects\epam\reactjs-films-homework\src\client\components\MovieListItem\MovieListItem.jsx
FN:14,(anonymous_0)
FN:22,(anonymous_1)
FNF:2
FNH:2
FNDA:1,(anonymous_0)
FNDA:3,(anonymous_1)
DA:14,3
DA:15,1
DA:23,3
DA:50,3
DA:54,3
LF:5
LH:5
BRDA:22,0,0,1
BRDA:22,0,1,1
BRF:2
BRH:2
end_of_record
TN:
SF:E:\projects\epam\reactjs-films-homework\src\client\components\NotFound\NotFound.jsx
FN:7,(anonymous_0)
FNF:1
FNH:1
FNDA:1,(anonymous_0)
DA:7,2
DA:8,1
LF:2
LH:2
BRF:0
BRH:0
end_of_record
TN:
SF:E:\projects\epam\reactjs-films-homework\src\client\components\Rating\Rating.jsx
FN:15,(anonymous_0)
FN:19,(anonymous_1)
FN:27,(anonymous_2)
FN:28,(anonymous_3)
FN:39,(anonymous_4)
FN:40,(anonymous_5)
FN:41,(anonymous_6)
FN:46,(anonymous_7)
FNF:8
FNH:8
FNDA:20,(anonymous_0)
FNDA:10,(anonymous_1)
FNDA:23,(anonymous_2)
FNDA:115,(anonymous_3)
FNDA:10,(anonymous_4)
FNDA:10,(anonymous_5)
FNDA:10,(anonymous_6)
FNDA:23,(anonymous_7)
DA:16,20
DA:20,10
DA:22,10
DA:23,5
DA:28,23
DA:29,115
DA:30,115
DA:32,115
DA:39,10
DA:40,10
DA:41,10
DA:47,23
DA:48,23
DA:50,23
DA:65,4
DA:69,4
LF:16
LH:16
BRDA:22,0,0,5
BRDA:22,0,1,5
BRDA:36,1,0,115
BRDA:36,1,1,35
BRDA:55,2,0,10
BRDA:55,2,1,13
BRDA:57,3,0,13
BRDA:57,3,1,6
BRF:8
BRH:8
end_of_record
TN:
SF:E:\projects\epam\reactjs-films-homework\src\client\components\Routing\Routing.jsx
FN:31,(anonymous_0)
FN:33,(anonymous_1)
FNF:2
FNH:2
FNDA:1,(anonymous_0)
FNDA:6,(anonymous_1)
DA:11,1
DA:31,1
DA:32,1
DA:34,6
LF:4
LH:4
BRF:0
BRH:0
end_of_record
TN:
SF:E:\projects\epam\reactjs-films-homework\src\client\components\Search\Search.jsx
FN:17,(anonymous_0)
FN:23,(anonymous_1)
FN:30,(anonymous_2)
FN:35,(anonymous_3)
FN:53,(anonymous_4)
FNF:5
FNH:5
FNDA:2,(anonymous_0)
FNDA:2,(anonymous_1)
FNDA:4,(anonymous_2)
FNDA:4,(anonymous_3)
FNDA:14,(anonymous_4)
DA:18,2
DA:20,2
DA:24,2
DA:31,4
DA:32,4
DA:33,4
DA:35,4
DA:36,4
DA:38,4
DA:39,2
DA:43,2
DA:46,4
DA:54,14
DA:56,14
DA:61,14
DA:78,1
LF:16
LH:16
BRDA:20,0,0,1
BRDA:20,0,1,1
BRDA:38,1,0,2
BRDA:38,1,1,2
BRF:4
BRH:4
end_of_record
TN:
SF:E:\projects\epam\reactjs-films-homework\src\client\components\Select\Select.jsx
FN:17,(anonymous_0)
FN:21,(anonymous_1)
FN:25,(anonymous_2)
FN:27,(anonymous_3)
FN:32,(anonymous_4)
FN:52,(anonymous_5)
FNF:6
FNH:6
FNDA:1,(anonymous_0)
FNDA:1,(anonymous_1)
FNDA:2,(anonymous_2)
FNDA:5,(anonymous_3)
FNDA:8,(anonymous_4)
FNDA:21,(anonymous_5)
DA:18,1
DA:22,1
DA:26,2
DA:27,5
DA:29,2
DA:33,8
DA:34,8
DA:36,8
DA:42,8
DA:43,8
DA:45,8
DA:53,21
DA:67,4
DA:72,4
LF:14
LH:14
BRDA:29,0,0,1
BRDA:29,0,1,1
BRF:2
BRH:2
end_of_record
TN:
SF:E:\projects\epam\reactjs-films-homework\src\client\components\Video\Video.jsx
FN:17,(anonymous_0)
FN:21,(anonymous_1)
FN:40,(anonymous_2)
FN:44,(anonymous_3)
FNF:4
FNH:4
FNDA:2,(anonymous_0)
FNDA:4,(anonymous_1)
FNDA:1,(anonymous_2)
FNDA:6,(anonymous_3)
DA:18,2
DA:22,4
DA:24,4
DA:25,4
DA:27,3
DA:29,3
DA:30,2
DA:32,1
DA:35,1
DA:36,1
DA:41,1
DA:45,6
DA:47,6
DA:63,3
DA:67,3
LF:15
LH:15
BRDA:29,0,0,2
BRDA:29,0,1,1
BRDA:29,1,0,3
BRDA:29,1,1,2
BRDA:29,1,2,2
BRDA:49,2,0,6
BRDA:49,2,1,5
BRDA:56,3,0,6
BRDA:56,3,1,5
BRDA:56,3,2,2
BRDA:57,4,0,6
BRDA:57,4,1,1
BRF:12
BRH:12
end_of_record
TN:
SF:E:\projects\epam\reactjs-films-homework\src\client\containers\MoviesList\MoviesList.jsx
FN:31,(anonymous_0)
FN:37,(anonymous_1)
FN:59,(anonymous_2)
FN:62,(anonymous_3)
FN:85,(anonymous_4)
FN:95,(anonymous_5)
FN:99,(anonymous_6)
FN:141,(anonymous_7)
FN:145,(anonymous_8)
FN:159,(anonymous_9)
FN:175,(anonymous_10)
FN:188,(anonymous_11)
FN:189,(anonymous_12)
FN:190,(anonymous_13)
FN:191,(anonymous_14)
FN:192,(anonymous_15)
FN:193,(anonymous_16)
FN:198,(anonymous_17)
FNF:18
FNH:6
FNDA:1,(anonymous_0)
FNDA:0,(anonymous_1)
FNDA:0,(anonymous_2)
FNDA:0,(anonymous_3)
FNDA:0,(anonymous_4)
FNDA:0,(anonymous_5)
FNDA:0,(anonymous_6)
FNDA:0,(anonymous_7)
FNDA:1,(anonymous_8)
FNDA:1,(anonymous_9)
FNDA:0,(anonymous_10)
FNDA:1,(anonymous_11)
FNDA:0,(anonymous_12)
FNDA:0,(anonymous_13)
FNDA:0,(anonymous_14)
FNDA:1,(anonymous_15)
FNDA:0,(anonymous_16)
FNDA:1,(anonymous_17)
DA:32,1
DA:34,1
DA:43,0
DA:51,0
DA:52,0
DA:53,0
DA:54,0
DA:55,0
DA:57,0
DA:58,0
DA:59,0
DA:61,0
DA:62,0
DA:63,0
DA:64,0
DA:69,0
DA:71,0
DA:72,0
DA:76,0
DA:77,0
DA:80,0
DA:81,0
DA:84,0
DA:85,0
DA:86,0
DA:87,0
DA:89,0
DA:94,0
DA:95,0
DA:106,0
DA:108,0
DA:109,0
DA:110,0
DA:112,0
DA:114,0
DA:116,0
DA:117,0
DA:120,0
DA:122,0
DA:123,0
DA:126,0
DA:132,0
DA:134,0
DA:135,0
DA:142,0
DA:146,1
DA:148,1
DA:149,0
DA:150,0
DA:153,0
DA:156,1
DA:165,1
DA:166,1
DA:167,1
DA:168,1
DA:170,1
DA:175,0
DA:188,2
DA:189,0
DA:190,0
DA:191,0
DA:192,1
DA:194,0
DA:198,2
LF:64
LH:13
BRDA:57,0,0,0
BRDA:57,0,1,0
BRDA:58,1,0,0
BRDA:58,1,1,0
BRDA:61,2,0,0
BRDA:61,2,1,0
BRDA:61,3,0,0
BRDA:61,3,1,0
BRDA:71,4,0,0
BRDA:71,4,1,0
BRDA:76,5,0,0
BRDA:76,5,1,0
BRDA:80,6,0,0
BRDA:80,6,1,0
BRDA:84,7,0,0
BRDA:84,7,1,0
BRDA:86,8,0,0
BRDA:86,8,1,0
BRDA:94,9,0,0
BRDA:94,9,1,0
BRDA:108,10,0,0
BRDA:108,10,1,0
BRDA:112,11,0,0
BRDA:112,11,1,0
BRDA:112,11,2,0
BRDA:148,12,0,0
BRDA:148,12,1,1
BRDA:149,13,0,0
BRDA:149,13,1,0
BRDA:167,14,0,1
BRDA:167,14,1,0
BRDA:178,15,0,1
BRDA:178,15,1,1
BRF:33
BRH:4
end_of_record
TN:
SF:E:\projects\epam\reactjs-films-homework\src\client\store\configureStore.js
FN:13,(anonymous_0)
FN:21,(anonymous_1)
FNF:2
FNH:1
FNDA:1,(anonymous_0)
FNDA:0,(anonymous_1)
DA:5,1
DA:14,1
DA:20,1
DA:21,0
DA:22,0
DA:26,1
LF:6
LH:4
BRDA:5,0,0,0
BRDA:5,0,1,1
BRDA:5,1,0,1
BRDA:5,1,1,1
BRDA:5,1,2,0
BRDA:13,2,0,1
BRDA:20,3,0,0
BRDA:20,3,1,1
BRDA:20,4,0,1
BRDA:20,4,1,0
BRF:10
BRH:6
end_of_record
TN:
SF:E:\projects\epam\reactjs-films-homework\src\client\store\actions\movieDetails.js
FN:5,(anonymous_0)
FN:5,(anonymous_1)
FNF:2
FNH:2
FNDA:1,(anonymous_0)
FNDA:1,(anonymous_1)
DA:5,1
DA:6,1
LF:2
LH:2
BRF:0
BRH:0
end_of_record
TN:
SF:E:\projects\epam\reactjs-films-homework\src\client\store\actions\movies.js
FN:4,(anonymous_0)
FN:7,(anonymous_1)
FN:18,(anonymous_2)
FN:20,(anonymous_3)
FN:26,(anonymous_4)
FN:26,(anonymous_5)
FN:35,(anonymous_6)
FN:35,(anonymous_7)
FN:49,(anonymous_8)
FN:49,(anonymous_9)
FN:64,(anonymous_10)
FN:64,(anonymous_11)
FNF:12
FNH:12
FNDA:3,(anonymous_0)
FNDA:6,(anonymous_1)
FNDA:5,(anonymous_2)
FNDA:40,(anonymous_3)
FNDA:1,(anonymous_4)
FNDA:1,(anonymous_5)
FNDA:2,(anonymous_6)
FNDA:2,(anonymous_7)
FNDA:2,(anonymous_8)
FNDA:2,(anonymous_9)
FNDA:1,(anonymous_10)
FNDA:1,(anonymous_11)
DA:4,3
DA:5,3
DA:7,3
DA:8,6
DA:9,1
DA:12,6
DA:14,6
DA:18,3
DA:19,5
DA:20,40
DA:22,2
DA:26,1
DA:27,1
DA:31,1
DA:33,1
DA:35,2
DA:36,2
DA:41,2
DA:43,2
DA:44,1
DA:47,2
DA:49,2
DA:50,2
DA:56,2
DA:58,2
DA:59,1
DA:62,2
DA:64,1
DA:65,1
DA:66,1
LF:30
LH:30
BRDA:7,0,0,5
BRDA:8,1,0,1
BRDA:8,1,1,5
BRDA:19,2,0,3
BRDA:19,2,1,2
BRDA:43,3,0,1
BRDA:43,3,1,1
BRDA:58,4,0,1
BRDA:58,4,1,1
BRF:9
BRH:9
end_of_record
TN:
SF:E:\projects\epam\reactjs-films-homework\src\client\store\reducers\genres.js
FN:3,(anonymous_0)
FNF:1
FNH:1
FNDA:7,(anonymous_0)
DA:4,7
DA:6,2
DA:7,1
DA:10,1
DA:11,5
LF:5
LH:5
BRDA:3,0,0,3
BRDA:4,1,0,2
BRDA:4,1,1,5
BRDA:6,2,0,1
BRDA:6,2,1,1
BRF:5
BRH:5
end_of_record
TN:
SF:E:\projects\epam\reactjs-films-homework\src\client\store\reducers\index.js
FNF:0
FNH:0
LF:0
LH:0
BRF:0
BRH:0
end_of_record
TN:
SF:E:\projects\epam\reactjs-films-homework\src\client\store\reducers\movieDetails.js
FN:3,(anonymous_0)
FNF:1
FNH:1
FNDA:7,(anonymous_0)
DA:4,7
DA:6,3
DA:7,2
DA:10,1
DA:11,4
LF:5
LH:5
BRDA:3,0,0,3
BRDA:4,1,0,3
BRDA:4,1,1,4
BRDA:6,2,0,2
BRDA:6,2,1,1
BRF:5
BRH:5
end_of_record
TN:
SF:E:\projects\epam\reactjs-films-homework\src\client\store\reducers\movies.js
FN:5,(anonymous_0)
FNF:1
FNH:1
FNDA:8,(anonymous_0)
DA:3,2
DA:6,8
DA:7,2
DA:11,1
DA:15,2
DA:16,3
LF:6
LH:6
BRDA:5,0,0,3
BRDA:6,1,0,2
BRDA:6,1,1,1
BRDA:6,1,2,2
BRDA:6,1,3,3
BRF:5
BRH:5
end_of_record
TN:
SF:E:\projects\epam\reactjs-films-homework\src\constants\actionTypes.js
FNF:0
FNH:0
DA:1,7
DA:3,7
DA:5,7
DA:6,7
DA:7,7
LF:5
LH:5
BRF:0
BRH:0
end_of_record
TN:
SF:E:\projects\epam\reactjs-films-homework\src\utils\dialog.js
FN:5,withDialogContextHOC
FN:7,(anonymous_1)
FN:9,(anonymous_2)
FNF:3
FNH:3
FNDA:8,withDialogContextHOC
FNDA:5,(anonymous_1)
FNDA:5,(anonymous_2)
DA:3,4
DA:6,8
DA:8,5
DA:10,5
DA:17,4
DA:18,4
LF:6
LH:6
BRF:0
BRH:0
end_of_record
TN:
SF:E:\projects\epam\reactjs-films-homework\src\utils\http.js
FN:3,(anonymous_0)
FN:21,(anonymous_1)
FN:35,(anonymous_2)
FN:41,(anonymous_3)
FN:43,get
FN:51,post
FNF:6
FNH:6
FNDA:53,(anonymous_0)
FNDA:52,(anonymous_1)
FNDA:112,(anonymous_2)
FNDA:52,(anonymous_3)
FNDA:52,get
FNDA:1,post
DA:3,6
DA:4,53
DA:6,53
DA:7,1
DA:10,53
DA:11,2
DA:14,51
DA:15,50
DA:18,1
DA:21,6
DA:22,52
DA:24,52
DA:25,6
DA:28,52
DA:29,50
DA:30,50
DA:33,52
DA:35,112
DA:38,52
DA:41,52
DA:44,52
DA:52,1
LF:22
LH:22
BRDA:6,0,0,1
BRDA:6,0,1,52
BRDA:10,1,0,2
BRDA:10,1,1,51
BRDA:14,2,0,50
BRDA:14,2,1,1
BRDA:24,3,0,6
BRDA:24,3,1,46
BRDA:28,4,0,50
BRDA:28,4,1,2
BRDA:38,5,0,51
BRDA:38,5,1,1
BRF:12
BRH:12
end_of_record
TN:
SF:E:\projects\epam\reactjs-films-homework\src\utils\message.js
FN:5,withMessageContextHOC
FN:7,(anonymous_1)
FN:9,(anonymous_2)
FNF:3
FNH:3
FNDA:4,withMessageContextHOC
FNDA:3,(anonymous_1)
FNDA:3,(anonymous_2)
DA:3,4
DA:6,4
DA:8,3
DA:10,3
DA:18,4
DA:19,4
LF:6
LH:6
BRF:0
BRH:0
end_of_record
TN:
SF:E:\projects\epam\reactjs-films-homework\src\utils\rendering.js
FN:3,withConditionalRendering
FN:5,(anonymous_1)
FNF:2
FNH:2
FNDA:24,withConditionalRendering
FNDA:53,(anonymous_1)
DA:4,24
DA:6,53
DA:7,53
DA:9,53
DA:10,5
DA:13,48
DA:14,38
DA:17,10
LF:8
LH:8
BRDA:9,0,0,5
BRDA:9,0,1,48
BRDA:9,1,0,53
BRDA:9,1,1,5
BRDA:13,2,0,38
BRDA:13,2,1,10
BRDA:13,3,0,48
BRDA:13,3,1,38
BRF:8
BRH:8
end_of_record
TN:
SF:E:\projects\epam\reactjs-films-homework\src\utils\url.js
FN:3,(anonymous_0)
FN:6,(anonymous_1)
FN:13,(anonymous_2)
FN:20,(anonymous_3)
FN:27,(anonymous_4)
FN:31,(anonymous_5)
FN:32,(anonymous_6)
FN:37,(anonymous_7)
FN:38,(anonymous_8)
FN:43,(anonymous_9)
FN:46,(anonymous_10)
FN:51,(anonymous_11)
FNF:12
FNH:12
FNDA:14,(anonymous_0)
FNDA:38,(anonymous_1)
FNDA:20,(anonymous_2)
FNDA:7,(anonymous_3)
FNDA:7,(anonymous_4)
FNDA:5,(anonymous_5)
FNDA:4,(anonymous_6)
FNDA:7,(anonymous_7)
FNDA:7,(anonymous_8)
FNDA:9,(anonymous_9)
FNDA:21,(anonymous_10)
FNDA:21,(anonymous_11)
DA:3,11
DA:4,14
DA:6,14
DA:7,38
DA:9,38
DA:13,11
DA:14,20
DA:15,20
DA:17,20
DA:20,11
DA:21,7
DA:23,7
DA:28,7
DA:32,5
DA:34,5
DA:38,7
DA:40,7
DA:44,9
DA:47,21
DA:49,21
DA:51,21
DA:53,9
LF:22
LH:22
BRDA:9,0,0,32
BRDA:9,0,1,6
BRDA:13,1,0,19
BRDA:17,2,0,1
BRDA:17,2,1,19
BRDA:17,3,0,1
BRDA:17,3,1,1
BRDA:49,4,0,8
BRDA:49,4,1,13
BRDA:53,5,0,5
BRDA:53,5,1,4
BRF:11
BRH:11
end_of_record
